ISim log file
Running: C:\Users\10791\P6_version1\mips_txt_isim_beh.exe -intstyle ise -gui -tclbatch isim.cmd -wdb C:/Users/10791/P6_version1/mips_txt_isim_beh.wdb 
ISim P.20131013 (signature 0x7708f090)
----------------------------------------------------------------------
WARNING:Security:42 - Your software subscription period has lapsed. Your current version of Xilinx tools will continue to function, but you no longer qualify for Xilinx software updates or new releases.


----------------------------------------------------------------------
This is a Full version of ISim.
Time resolution is 1 ps
# onerror resume
# wave add /
# run 1000 ns
Simulator is doing circuit initialization process.
Finished circuit initialization process.
                  38@00003000: $28 <= zzzzzzzz
                  42@00003004: $29 <= zzzzzzzz
                  46@00003008: $ 1 <= zzzzzzzz
                  50@0000300c: $ 2 <= zzzzzzzz
                  54@00003010: $ 3 <= zzzzzzzz
                  58@00003014: $ 4 <= zzzzzzzz
                  62@00003018: $ 5 <= zzzzzzzz
                  66@0000301c: $ 6 <= zzzzzzzz
                  70@00003020: $ 7 <= zzzzzzzz
                  74@00003024: $ 1 <= zzzzzzzz
                  78@00003028: $ 9 <= zzzzzzzz
                  82@0000302c: $ 8 <= zzzzzzzz
                 106@0000304c: $ 2 <= zzzzzzzz
                 122@00003060: *0000000c <= 87231010
                 122@0000305c: $31 <= zzzzzzzz
                 130@0000306c: $ 1 <= zzzzzzzz
                 134@00003070: $ 1 <= zzzzzzzz
                 138@00003078: *0000000c <= 00003064
                 138@00003074: $ 1 <= zzzzzzzz
                 146@0000307c: $ 1 <= zzzzzzzz
                 162@00003090: *0000000c <= 00003064
                 174@00003068: $ 1 <= zzzzzzzz
ISim P.20131013 (signature 0x7708f090)
----------------------------------------------------------------------
WARNING:Security:42 - Your software subscription period has lapsed. Your current version of Xilinx tools will continue to function, but you no longer qualify for Xilinx software updates or new releases.


----------------------------------------------------------------------
This is a Full version of ISim.
# run 1000 ns
Simulator is doing circuit initialization process.
Finished circuit initialization process.
                  38@00003000: $28 <= 00000000
                  42@00003004: $29 <= 00000000
                  46@00003008: $ 1 <= 00001010
                  50@0000300c: $ 2 <= 87230000
                  54@00003010: $ 3 <= 00007856
                  58@00003014: $ 4 <= 85ff0000
                  62@00003018: $ 5 <= 00000001
                  66@0000301c: $ 6 <= ffff0000
                  70@00003020: $ 7 <= 0000ffff
                  74@00003024: $ 1 <= 87231010
                  78@00003028: $ 9 <= 87238866
                  82@0000302c: $ 8 <= 00001010
                 106@0000304c: $ 2 <= 0000000c
                 122@00003060: *0000000c <= 87231010
                 122@0000305c: $31 <= 00003064
                 130@0000306c: $ 1 <= 8723101c
                 134@00003070: $ 1 <= 87231028
                 138@00003078: *0000000c <= 00003064
                 138@00003074: $ 1 <= 87231034
                 146@0000307c: $ 1 <= 00003064
                 162@00003090: *0000000c <= 00003064
                 174@00003068: $ 1 <= 00003070
ISim P.20131013 (signature 0x7708f090)
----------------------------------------------------------------------
WARNING:Security:42 - Your software subscription period has lapsed. Your current version of Xilinx tools will continue to function, but you no longer qualify for Xilinx software updates or new releases.


----------------------------------------------------------------------
This is a Full version of ISim.
# run 1000 ns
Simulator is doing circuit initialization process.
Finished circuit initialization process.
                  38@00003000: $ 8 <= 00000008
                  42@00003004: $ 9 <= 00000008
                  46@00003008: $ 8 <= 00000008
                  50@0000300c: $10 <= 0000000c
                  54@00003010: $ 9 <= 00000008
                  58@00003014: $ 8 <= 00000008
                  62@00003018: $10 <= 0000000c
                  66@0000301c: $11 <= 0000000d
                  70@00003020: $ 9 <= 00000008
                  74@00003024: $ 8 <= 00000008
                  78@00003028: $ 9 <= 00000008
                  82@0000302c: $ 8 <= 00000008
                  86@00003030: $10 <= 0000000c
                  90@00003034: $ 9 <= 00000008
                  94@00003038: $ 8 <= 00000008
                  98@0000303c: $10 <= 0000000c
                 102@00003040: $11 <= 0000000d
                 106@00003044: $ 9 <= 00000008
                 110@00003048: $ 8 <= 00080000
                 114@0000304c: $ 9 <= 00080000
                 118@00003050: $ 8 <= 00080000
                 122@00003054: $10 <= 000c0000
                 126@00003058: $ 9 <= 00080000
                 130@0000305c: $ 8 <= 00080000
                 134@00003060: $10 <= 000c0000
                 138@00003064: $11 <= 000e0000
                 142@00003068: $ 9 <= 00080000
                 146@0000306c: $ 8 <= 00080000
                 150@00003070: $ 9 <= 00080000
                 154@00003074: $ 8 <= 00080000
                 158@00003078: $10 <= 000c0000
                 162@0000307c: $ 9 <= 00080000
                 166@00003080: $ 8 <= 00080000
                 170@00003084: $10 <= 000c0000
                 174@00003088: $11 <= 000e0000
                 178@0000308c: $ 9 <= 00080000
                 182@00003090: $ 8 <= 00080000
                 186@00003094: $ 9 <= 00080000
                 190@00003098: $10 <= 00080000
                 194@0000309c: $ 8 <= 00080000
                 198@000030a0: $ 9 <= 00080000
                 202@000030a4: $11 <= 00100000
                 206@000030a8: $10 <= 00080000
                 210@000030ac: $ 8 <= 00080000
                 214@000030b0: $ 9 <= 00080000
                 218@000030b4: $11 <= 00100000
                 222@000030b8: $12 <= 00100000
                 226@000030bc: $10 <= 00100000
                 230@000030c0: $ 8 <= 00000008
                 234@000030c4: $ 9 <= 0000000c
                 238@000030c8: $10 <= 00000010
                 242@000030cc: $11 <= 00000014
                 246@000030d0: $12 <= 00000018
                 250@000030d8: *00000008 <= 0000000c
                 250@000030d4: $13 <= 0000001c
                 258@000030dc: $16 <= 00000004
                 262@000030e0: $17 <= 00000008
                 266@000030e4: $18 <= 0000000c
                 270@000030e8: $14 <= 0000000c
                 278@000030ec: $15 <= 00000018
                 282@000030f0: $ 8 <= 00000008
                 286@000030f4: $ 9 <= 0000000c
                 290@000030f8: $10 <= 00000010
                 294@000030fc: $11 <= 00000014
                 298@00003104: *00000008 <= 0000000c
                 298@00003100: $12 <= 00000018
                 306@00003108: $16 <= 00000004
                 310@0000310c: $17 <= 00000008
                 314@00003110: $18 <= 0000000c
                 318@00003114: $14 <= 0000000c
                 322@00003118: $13 <= 0000001c
                 326@0000311c: $15 <= 00000018
                 330@00003120: $ 8 <= 00000008
                 334@00003124: $ 9 <= 0000000c
                 338@00003128: $10 <= 00000010
                 342@0000312c: $11 <= 00000014
                 346@00003134: *00000008 <= 0000000c
                 346@00003130: $12 <= 00000018
                 354@00003138: $16 <= 00000004
                 358@0000313c: $17 <= 00000008
                 362@00003140: $18 <= 0000000c
                 366@00003144: $14 <= 0000000c
                 370@00003148: $13 <= 0000001c
                 374@0000314c: $24 <= 00000020
                 378@00003150: $15 <= 00000018
                 382@00003154: $ 8 <= 00000008
                 386@00003158: $ 9 <= 0000000c
                 390@0000315c: $10 <= 00000010
                 394@00003160: $31 <= 00003168
                 398@00003164: $11 <= 000062d0
                 402@00003170: $14 <= 00000014
                 406@00003174: $ 8 <= 00000008
                 410@00003178: $ 9 <= 0000000c
                 414@0000317c: $10 <= 00000010
                 418@00003180: $31 <= 00003188
                 422@00003184: $12 <= 00000014
                 426@0000318c: $11 <= 00006310
                 430@00003190: $14 <= 00000014
                 434@00003194: $15 <= 00000018
                 438@00003198: $ 8 <= 00000008
                 442@0000319c: $ 9 <= 0000000c
                 446@000031a0: $10 <= 00000010
                 450@000031a4: $31 <= 000031ac
                 454@000031a8: $12 <= 00000014
                 458@000031b0: $14 <= 00000014
                 462@000031b4: $11 <= 00006358
                 466@000031b8: $14 <= 00000014
                 470@000031bc: $15 <= 00000018
                 474@000031c0: $ 8 <= 00000008
                 478@000031c4: $ 9 <= 0000000c
                 482@000031c8: $ 8 <= 00000008
                 486@000031cc: $10 <= 00000014
                 490@000031d0: $ 9 <= 0000000c
                 494@000031d4: $ 8 <= 00000008
                 498@000031d8: $10 <= 00000014
                 502@000031dc: $11 <= 00000018
                 506@000031e0: $ 9 <= 0000000c
                 510@000031e4: $ 8 <= 00000008
                 514@000031e8: $ 9 <= 00000014
                 518@000031ec: $10 <= 00000018
                 522@000031f0: $11 <= 0000000c
                 526@000031f4: $12 <= 00000010
                 530@000031f8: $13 <= fffffff4
                 534@000031fc: $14 <= fffffffd
                 538@00003200: $ 8 <= 00000008
                 542@00003204: $ 9 <= 00000014
                 546@00003208: $10 <= 00000018
                 550@0000320c: $11 <= 0000000c
                 554@00003210: $12 <= 00000010
                 558@00003214: $13 <= fffffff4
                 562@00003218: $15 <= 00000014
                 566@0000321c: $14 <= fffffffd
                 570@00003220: $ 8 <= 00000008
                 574@00003224: $ 9 <= 00000014
                 578@00003228: $10 <= 00000018
                 582@0000322c: $11 <= 0000000c
                 586@00003230: $12 <= 00000010
                 590@00003234: $13 <= fffffff4
                 594@00003238: $15 <= 00000014
                 598@0000323c: $24 <= 00000018
                 602@00003240: $14 <= fffffffd
                 606@00003244: $ 8 <= 00000008
                 610@00003248: $ 9 <= 00000014
                 614@0000324c: $10 <= 00000004
                 618@00003250: $11 <= 0000000c
                 622@00003258: *00000014 <= 00000008
                 622@00003254: $12 <= 00000010
                 630@0000325c: $13 <= 00000008
                 638@00003260: $14 <= 0000000d
                 642@00003264: $ 8 <= 00000008
                 646@00003268: $ 9 <= 00000014
                 650@0000326c: $10 <= 00000004
                 654@00003270: $11 <= 0000000c
                 658@00003278: *00000014 <= 00000008
                 658@00003274: $12 <= 00000010
                 666@0000327c: $13 <= 00000008
                 670@00003280: $15 <= 00000014
                 674@00003284: $14 <= 0000000d
                 678@00003288: $ 8 <= 00000008
                 682@0000328c: $ 9 <= 00000014
                 686@00003290: $10 <= 00000004
                 690@00003294: $11 <= 0000000c
                 694@0000329c: *00000014 <= 00000008
                 694@00003298: $12 <= 00000010
                 702@000032a0: $13 <= 00000008
                 706@000032a4: $15 <= 00000014
                 710@000032a8: $24 <= 00000018
                 714@000032ac: $14 <= 0000000d
                 718@000032b0: $ 8 <= 00000008
                 722@000032b4: $ 9 <= 00000014
                 726@000032b8: $31 <= 000032c0
                 730@000032bc: $10 <= 000032c8
                 734@000032c4: $12 <= 00000012
                 738@000032c8: $13 <= 00000016
                 742@000032cc: $14 <= 0000001a
                 746@000032d0: $ 8 <= 00000008
                 750@000032d4: $ 9 <= 00000014
                 754@000032d8: $31 <= 000032e0
                 758@000032dc: $10 <= 00000004
                 762@000032e4: $12 <= 000032f2
                 766@000032e8: $13 <= 00000016
                 770@000032ec: $14 <= 0000001a
                 774@000032f0: $ 8 <= 00000008
                 778@000032f4: $ 9 <= 00000014
                 782@000032f8: $31 <= 00003300
                 786@000032fc: $10 <= 00000004
                 790@00003304: $15 <= 00000006
                 794@00003308: $12 <= 00003312
                 798@0000330c: $13 <= 00000016
                 802@00003310: $14 <= 0000001a
                 806@00003314: $ 8 <= 00000004
                 810@00003318: $ 9 <= 00000008
                 814@0000331c: $10 <= 00000009
                 818@00003324: *00000004 <= 00000008
                 818@00003320: $11 <= 0000000c
                 822@00003328: *00000008 <= 00000009
                 826@0000332c: *0000000c <= 0000000c
                 834@00003330: $12 <= 00000004
                 838@00003334: $13 <= 00000008
                 842@00003338: $13 <= 00000008
                 850@00003340: $14 <= 00000009
                 854@00003344: $14 <= 0000000c
                 858@00003348: $16 <= 0000000c
                 862@0000334c: $17 <= 00000010
                 866@00003350: $15 <= 0000000c
                 870@00003354: $ 8 <= 00000004
                 874@00003358: $ 9 <= 00000008
                 878@0000335c: $10 <= 00000009
                 882@00003364: *00000004 <= 00000008
                 882@00003360: $11 <= 0000000c
                 886@00003368: *00000008 <= 00000009
                 890@0000336c: *0000000c <= 0000000c
                 898@00003370: $12 <= 00000004
                 902@00003374: $13 <= 00000008
                 906@00003378: $13 <= 00000008
                 914@00003380: $14 <= 00000009
                 918@00003384: $14 <= 0000000c
                 922@00003388: $16 <= 0000000c
                 926@0000338c: $17 <= 00000010
                 930@00003390: $15 <= 0000000c
                 934@00003394: $ 8 <= 00000004
                 938@00003398: $ 9 <= 00000008
                 942@0000339c: $10 <= 0000000c
                 946@000033a4: *00000000 <= 00000004
                 946@000033a0: $11 <= 00000010
                 950@000033a8: *00000004 <= 00000008
                 954@000033ac: *00000008 <= 0000000c
                 958@000033b0: *0000000c <= 00000010
                 966@000033b4: $12 <= 00000008
                 974@000033b8: $13 <= 0000000c
                 978@000033bc: $13 <= 00000004
                 986@000033c4: $14 <= 00000008
                 990@000033c8: $14 <= 0000000c
                 994@000033cc: $16 <= 00000001
                 998@000033d0: $17 <= 00000002
ISim P.20131013 (signature 0x7708f090)
----------------------------------------------------------------------
WARNING:Security:42 - Your software subscription period has lapsed. Your current version of Xilinx tools will continue to function, but you no longer qualify for Xilinx software updates or new releases.


----------------------------------------------------------------------
This is a Full version of ISim.
# run 1000 ns
Simulator is doing circuit initialization process.
Finished circuit initialization process.
                   1@00003000: $ 8 <= 00000008
                   1@00003004: $ 9 <= 00000008
                   2@00003008: $ 8 <= 00000008
                   2@0000300c: $10 <= 0000000c
                   2@00003010: $ 9 <= 00000008
                   2@00003014: $ 8 <= 00000008
                   2@00003018: $10 <= 0000000c
                   3@0000301c: $11 <= 0000000d
                   3@00003020: $ 9 <= 00000008
                   3@00003024: $ 8 <= 00000008
                   3@00003028: $ 9 <= 00000008
                   3@0000302c: $ 8 <= 00000008
                   4@00003030: $10 <= 0000000c
                   4@00003034: $ 9 <= 00000008
                   4@00003038: $ 8 <= 00000008
                   4@0000303c: $10 <= 0000000c
                   4@00003040: $11 <= 0000000d
                   5@00003044: $ 9 <= 00000008
                   5@00003048: $ 8 <= 00080000
                   5@0000304c: $ 9 <= 00080000
                   5@00003050: $ 8 <= 00080000
                   5@00003054: $10 <= 000c0000
                   6@00003058: $ 9 <= 00080000
                   6@0000305c: $ 8 <= 00080000
                   6@00003060: $10 <= 000c0000
                   6@00003064: $11 <= 000e0000
                   6@00003068: $ 9 <= 00080000
                   7@0000306c: $ 8 <= 00080000
                   7@00003070: $ 9 <= 00080000
                   7@00003074: $ 8 <= 00080000
                   7@00003078: $10 <= 000c0000
                   7@0000307c: $ 9 <= 00080000
                   8@00003080: $ 8 <= 00080000
                   8@00003084: $10 <= 000c0000
                   8@00003088: $11 <= 000e0000
                   8@0000308c: $ 9 <= 00080000
                   8@00003090: $ 8 <= 00080000
                   9@00003094: $ 9 <= 00080000
                   9@00003098: $10 <= 00080000
                   9@0000309c: $ 8 <= 00080000
                   9@000030a0: $ 9 <= 00080000
                   9@000030a4: $11 <= 00100000
                  10@000030a8: $10 <= 00080000
                  10@000030ac: $ 8 <= 00080000
                  10@000030b0: $ 9 <= 00080000
                  10@000030b4: $11 <= 00100000
                  10@000030b8: $12 <= 00100000
                  11@000030bc: $10 <= 00100000
                  11@000030c0: $ 8 <= 00000008
                  11@000030c4: $ 9 <= 0000000c
                  11@000030c8: $10 <= 00000010
                  11@000030cc: $11 <= 00000014
                  12@000030d0: $12 <= 00000018
                  12@000030d8: *00000008 <= 0000000c
                  12@000030d4: $13 <= 0000001c
                  12@000030dc: $16 <= 00000004
                  12@000030e0: $17 <= 00000008
                  13@000030e4: $18 <= 0000000c
                  13@000030e8: $14 <= 0000000c
                  13@000030ec: $15 <= 00000018
                  13@000030f0: $ 8 <= 00000008
                  14@000030f4: $ 9 <= 0000000c
                  14@000030f8: $10 <= 00000010
                  14@000030fc: $11 <= 00000014
                  14@00003104: *00000008 <= 0000000c
                  14@00003100: $12 <= 00000018
                  15@00003108: $16 <= 00000004
                  15@0000310c: $17 <= 00000008
                  15@00003110: $18 <= 0000000c
                  15@00003114: $14 <= 0000000c
                  15@00003118: $13 <= 0000001c
                  16@0000311c: $15 <= 00000018
                  16@00003120: $ 8 <= 00000008
                  16@00003124: $ 9 <= 0000000c
                  16@00003128: $10 <= 00000010
                  16@0000312c: $11 <= 00000014
                  17@00003134: *00000008 <= 0000000c
                  17@00003130: $12 <= 00000018
                  17@00003138: $16 <= 00000004
                  17@0000313c: $17 <= 00000008
                  17@00003140: $18 <= 0000000c
                  18@00003144: $14 <= 0000000c
                  18@00003148: $13 <= 0000001c
                  18@0000314c: $24 <= 00000020
                  18@00003150: $15 <= 00000018
                  18@00003154: $ 8 <= 00000008
                  19@00003158: $ 9 <= 0000000c
                  19@0000315c: $10 <= 00000010
                  19@00003160: $31 <= 00003168
                  19@00003164: $11 <= 000062d0
                  19@00003170: $14 <= 00000014
                  20@00003174: $ 8 <= 00000008
                  20@00003178: $ 9 <= 0000000c
                  20@0000317c: $10 <= 00000010
                  20@00003180: $31 <= 00003188
                  20@00003184: $12 <= 00000014
                  21@0000318c: $11 <= 00006310
                  21@00003190: $14 <= 00000014
                  21@00003194: $15 <= 00000018
                  21@00003198: $ 8 <= 00000008
                  21@0000319c: $ 9 <= 0000000c
                  22@000031a0: $10 <= 00000010
                  22@000031a4: $31 <= 000031ac
                  22@000031a8: $12 <= 00000014
                  22@000031b0: $14 <= 00000014
                  22@000031b4: $11 <= 00006358
                  23@000031b8: $14 <= 00000014
                  23@000031bc: $15 <= 00000018
                  23@000031c0: $ 8 <= 00000008
                  23@000031c4: $ 9 <= 0000000c
                  23@000031c8: $ 8 <= 00000008
                  24@000031cc: $10 <= 00000014
                  24@000031d0: $ 9 <= 0000000c
                  24@000031d4: $ 8 <= 00000008
                  24@000031d8: $10 <= 00000014
                  24@000031dc: $11 <= 00000018
                  25@000031e0: $ 9 <= 0000000c
                  25@000031e4: $ 8 <= 00000008
                  25@000031e8: $ 9 <= 00000014
                  25@000031ec: $10 <= 00000018
                  25@000031f0: $11 <= 0000000c
                  26@000031f4: $12 <= 00000010
                  26@000031f8: $13 <= fffffff4
                  26@000031fc: $14 <= fffffffd
                  26@00003200: $ 8 <= 00000008
                  26@00003204: $ 9 <= 00000014
                  27@00003208: $10 <= 00000018
                  27@0000320c: $11 <= 0000000c
                  27@00003210: $12 <= 00000010
                  27@00003214: $13 <= fffffff4
                  27@00003218: $15 <= 00000014
                  28@0000321c: $14 <= fffffffd
                  28@00003220: $ 8 <= 00000008
                  28@00003224: $ 9 <= 00000014
                  28@00003228: $10 <= 00000018
                  28@0000322c: $11 <= 0000000c
                  29@00003230: $12 <= 00000010
                  29@00003234: $13 <= fffffff4
                  29@00003238: $15 <= 00000014
                  29@0000323c: $24 <= 00000018
                  29@00003240: $14 <= fffffffd
                  30@00003244: $ 8 <= 00000008
                  30@00003248: $ 9 <= 00000014
                  30@0000324c: $10 <= 00000004
                  30@00003250: $11 <= 0000000c
                  30@00003258: *00000014 <= 00000008
                  30@00003254: $12 <= 00000010
                  31@0000325c: $13 <= 00000008
                  31@00003260: $14 <= 0000000d
                  31@00003264: $ 8 <= 00000008
                  32@00003268: $ 9 <= 00000014
                  32@0000326c: $10 <= 00000004
                  32@00003270: $11 <= 0000000c
                  32@00003278: *00000014 <= 00000008
                  32@00003274: $12 <= 00000010
                  33@0000327c: $13 <= 00000008
                  33@00003280: $15 <= 00000014
                  33@00003284: $14 <= 0000000d
                  33@00003288: $ 8 <= 00000008
                  33@0000328c: $ 9 <= 00000014
                  34@00003290: $10 <= 00000004
                  34@00003294: $11 <= 0000000c
                  34@0000329c: *00000014 <= 00000008
                  34@00003298: $12 <= 00000010
                  34@000032a0: $13 <= 00000008
                  35@000032a4: $15 <= 00000014
                  35@000032a8: $24 <= 00000018
                  35@000032ac: $14 <= 0000000d
                  35@000032b0: $ 8 <= 00000008
                  35@000032b4: $ 9 <= 00000014
                  36@000032b8: $31 <= 000032c0
                  36@000032bc: $10 <= 000032c8
                  36@000032c4: $12 <= 00000012
                  36@000032c8: $13 <= 00000016
                  36@000032cc: $14 <= 0000001a
                  37@000032d0: $ 8 <= 00000008
                  37@000032d4: $ 9 <= 00000014
                  37@000032d8: $31 <= 000032e0
                  37@000032dc: $10 <= 00000004
                  37@000032e4: $12 <= 000032f2
                  38@000032e8: $13 <= 00000016
                  38@000032ec: $14 <= 0000001a
                  38@000032f0: $ 8 <= 00000008
                  38@000032f4: $ 9 <= 00000014
                  38@000032f8: $31 <= 00003300
                  39@000032fc: $10 <= 00000004
                  39@00003304: $15 <= 00000006
                  39@00003308: $12 <= 00003312
                  39@0000330c: $13 <= 00000016
                  39@00003310: $14 <= 0000001a
                  40@00003314: $ 8 <= 00000004
                  40@00003318: $ 9 <= 00000008
                  40@0000331c: $10 <= 00000009
                  40@00003324: *00000004 <= 00000008
                  40@00003320: $11 <= 0000000c
                  40@00003328: *00000008 <= 00000009
                  41@0000332c: *0000000c <= 0000000c
                  41@00003330: $12 <= 00000004
                  41@00003334: $13 <= 00000008
                  41@00003338: $13 <= 00000008
                  42@00003340: $14 <= 00000009
                  42@00003344: $14 <= 0000000c
                  42@00003348: $16 <= 0000000c
                  42@0000334c: $17 <= 00000010
                  43@00003350: $15 <= 0000000c
                  43@00003354: $ 8 <= 00000004
                  43@00003358: $ 9 <= 00000008
                  43@0000335c: $10 <= 00000009
                  43@00003364: *00000004 <= 00000008
                  43@00003360: $11 <= 0000000c
                  44@00003368: *00000008 <= 00000009
                  44@0000336c: *0000000c <= 0000000c
                  44@00003370: $12 <= 00000004
                  44@00003374: $13 <= 00000008
                  45@00003378: $13 <= 00000008
                  45@00003380: $14 <= 00000009
                  45@00003384: $14 <= 0000000c
                  45@00003388: $16 <= 0000000c
                  46@0000338c: $17 <= 00000010
                  46@00003390: $15 <= 0000000c
                  46@00003394: $ 8 <= 00000004
                  46@00003398: $ 9 <= 00000008
                  46@0000339c: $10 <= 0000000c
                  47@000033a4: *00000000 <= 00000004
                  47@000033a0: $11 <= 00000010
                  47@000033a8: *00000004 <= 00000008
                  47@000033ac: *00000008 <= 0000000c
                  47@000033b0: *0000000c <= 00000010
                  48@000033b4: $12 <= 00000008
                  48@000033b8: $13 <= 0000000c
                  48@000033bc: $13 <= 00000004
                  49@000033c4: $14 <= 00000008
                  49@000033c8: $14 <= 0000000c
                  49@000033cc: $16 <= 00000001
                  49@000033d0: $17 <= 00000002
                  49@000033d4: $15 <= 00000010
                  50@000033d8: $ 8 <= 00000004
                  50@000033dc: $ 9 <= 00000008
                  50@000033e0: $10 <= 0000000c
                  50@000033e4: $11 <= 00000010
                  50@000033e8: $12 <= 00000014
                  51@000033f0: *0000000c <= 0000000c
                  51@000033ec: $13 <= 0000000c
                  51@000033f4: $14 <= 00000004
                  51@000033fc: *00000008 <= 00000010
                  51@000033f8: $16 <= 0000000c
                  52@00003400: $15 <= 00000010
                  52@00003404: $17 <= 00000004
                  52@0000340c: *00000010 <= 00000014
                  52@00003408: $18 <= 00000008
                  52@00003414: *00000004 <= 00000004
                  52@00003410: $13 <= 00000004
                  53@00003418: $13 <= 00000008
                  53@00003420: *00000010 <= 00000008
                  53@0000341c: $16 <= 00000002
                  53@00003424: $14 <= 00000024
                  54@00003428: $16 <= 00000001
                  54@00003430: *00000008 <= 00000024
                  54@0000342c: $17 <= 00000002
                  54@00003434: $ 8 <= 00000004
                  54@00003438: $ 9 <= 00000008
                  55@0000343c: $10 <= 0000000c
                  55@00003440: $11 <= 00000010
                  55@00003444: $12 <= 00000014
                  55@0000344c: *0000000c <= 0000000c
                  55@00003448: $13 <= 0000000c
                  56@00003450: $14 <= 00000004
                  56@00003458: *00000008 <= 00000010
                  56@00003454: $16 <= 0000000c
                  56@0000345c: $15 <= 00000010
                  56@00003460: $17 <= 00000004
                  57@00003468: *00000010 <= 00000014
                  57@00003464: $18 <= 00000008
                  57@00003470: *00000004 <= 00030000
                  57@0000346c: $13 <= 00030000
                  57@00003474: $13 <= 00010000
                  58@0000347c: *00000010 <= 00010000
                  58@00003478: $16 <= 00000002
                  58@00003484: $16 <= 00000001
                  58@0000348c: *00000008 <= 00000000
                  58@00003488: $17 <= 00000002
                  59@00003490: $ 8 <= 00000004
                  59@00003494: $ 9 <= 00000008
                  59@00003498: $10 <= 0000000c
                  59@0000349c: $11 <= 00000010
                  60@000034a4: *00000000 <= 00000004
                  60@000034a0: $12 <= 00000014
                  60@000034a8: *00000004 <= 00000008
                  60@000034ac: *00000008 <= 0000000c
                  60@000034b0: *0000000c <= 00000010
                  61@000034b4: $13 <= 00000008
                  61@000034b8: *00000008 <= 0000000c
                  61@000034bc: $14 <= 00000008
                  61@000034c4: *0000000c <= 00000010
                  61@000034c0: $16 <= 0000000c
                  62@000034c8: $15 <= 0000000c
                  62@000034cc: $17 <= 00000004
                  62@000034d4: *0000000c <= 00000014
                  62@000034d0: $18 <= 00000008
                  63@000034dc: *00000004 <= 00000014
                  63@000034d8: $13 <= 00000014
                  63@000034e0: $13 <= 00010000
                  63@000034e8: *00000010 <= 00010000
                  63@000034e4: $16 <= 00000002
                  64@000034ec: $14 <= 0000000c
                  64@000034f0: $16 <= 00000001
                  64@000034f8: *00000008 <= 0000000c
                  64@000034f4: $17 <= 00000002
                  64@000034fc: $ 8 <= 00000004
                  65@00003500: $ 9 <= 00000008
                  65@00003504: $10 <= 0000000c
                  65@00003508: $11 <= 00000010
                  65@0000350c: $12 <= fffffffc
                  65@00003510: $13 <= 0000000c
                  66@00003518: $16 <= 00000001
                  66@00003520: $18 <= 00000003
                  66@00003524: $19 <= 00000004
                  67@00003528: $14 <= 0000000c
                  67@0000352c: $16 <= 00000001
                  67@00003534: $16 <= 00000001
                  67@0000353c: $18 <= 00000003
                  68@00003540: $19 <= 00000004
                  68@00003544: $15 <= 0000000c
                  68@00003548: $16 <= 00000001
                  68@0000354c: $17 <= 00000002
                  69@00003554: $16 <= 00000001
                  69@0000355c: $18 <= 00000003
                  69@00003560: $19 <= 00000004
                  69@00003564: $13 <= fffffffc
                  70@0000356c: $16 <= 00000001
                  70@00003574: $18 <= 00000003
                  70@00003578: $19 <= 00000004
                  70@0000357c: $14 <= fffffffc
                  71@00003580: $16 <= 00000001
                  71@00003588: $16 <= 00000001
                  71@00003590: $18 <= 00000003
                  71@00003594: $19 <= 00000004
                  72@00003598: $15 <= fffffffc
                  72@0000359c: $16 <= 00000001
                  72@000035a0: $17 <= 00000002
                  72@000035a8: $16 <= 00000001
                  73@000035b0: $18 <= 00000003
                  73@000035b4: $19 <= 00000004
                  73@000035b8: $ 8 <= 00000004
                  73@000035bc: $ 9 <= 00000008
                  73@000035c0: $10 <= 0000000c
                  74@000035c4: $11 <= 00000010
                  74@000035c8: $12 <= fffffffc
                  74@000035cc: $13 <= 0000000c
                  75@000035d4: $16 <= 00000001
                  75@000035d8: $17 <= 00000002
                  75@000035dc: $18 <= 00000003
                  75@000035e0: $19 <= 00000004
                  75@000035e4: $14 <= 0000000c
                  76@000035e8: $16 <= 00000001
                  76@000035f0: $16 <= 00000001
                  76@000035f4: $17 <= 00000002
                  76@000035f8: $18 <= 00000003
                  77@000035fc: $19 <= 00000004
                  77@00003600: $15 <= 0000000c
                  77@00003604: $16 <= 00000001
                  77@00003608: $17 <= 00000002
                  78@00003610: $16 <= 00000001
                  78@00003614: $17 <= 00000002
                  78@00003618: $18 <= 00000003
                  78@0000361c: $19 <= 00000004
                  78@00003620: $13 <= fffffffc
                  79@00003628: $16 <= 00000001
                  79@0000362c: $17 <= 00000002
                  79@00003630: $18 <= 00000003
                  80@00003634: $19 <= 00000004
                  80@00003638: $14 <= fffffffc
                  80@0000363c: $16 <= 00000001
                  80@00003644: $16 <= 00000001
                  81@00003648: $17 <= 00000002
                  81@0000364c: $18 <= 00000003
                  81@00003650: $19 <= 00000004
                  81@00003654: $15 <= fffffffc
                  81@00003658: $16 <= 00000001
                  82@0000365c: $17 <= 00000002
                  82@00003664: $16 <= 00000001
                  82@00003668: $17 <= 00000002
                  82@0000366c: $18 <= 00000003
                  83@00003670: $19 <= 00000004
                  83@00003674: $ 8 <= 00000004
                  83@00003678: $ 9 <= 00000008
                  83@0000367c: $10 <= 0000000c
                  83@00003680: $11 <= 00000010
                  84@00003684: $12 <= fffffffc
                  84@00003688: $13 <= 00000010
                  84@00003690: $16 <= 00000001
                  85@00003698: $18 <= 00000003
                  85@0000369c: $19 <= 00000004
                  85@000036a0: $14 <= 00000010
                  85@000036a4: $16 <= 00000001
                  86@000036ac: $16 <= 00000001
                  86@000036b4: $18 <= 00000003
                  86@000036b8: $19 <= 00000004
                  86@000036bc: $15 <= 00000010
                  86@000036c0: $16 <= 00000001
                  87@000036c4: $17 <= 00000002
                  87@000036cc: $16 <= 00000001
                  87@000036d4: $18 <= 00000003
                  87@000036d8: $19 <= 00000004
                  88@000036dc: $13 <= 00000008
                  88@000036e4: $16 <= 00000001
                  88@000036ec: $18 <= 00000003
                  89@000036f0: $19 <= 00000004
                  89@000036f4: $14 <= 00000008
                  89@000036f8: $16 <= 00000001
                  89@00003700: $16 <= 00000001
                  90@00003708: $18 <= 00000003
                  90@0000370c: $19 <= 00000004
                  90@00003710: $15 <= 00000008
                  90@00003714: $16 <= 00000001
                  90@00003718: $17 <= 00000002
                  91@00003720: $16 <= 00000001
                  91@00003728: $18 <= 00000003
                  91@0000372c: $19 <= 00000004
                  91@00003730: $ 8 <= 00000004
                  92@00003734: $ 9 <= 00000008
                  92@00003738: $10 <= 0000000c
                  92@0000373c: $11 <= 00000010
                  92@00003740: $12 <= fffffffc
                  92@00003744: $13 <= 00000010
                  93@0000374c: $16 <= 00000001
                  93@00003750: $17 <= 00000002
                  93@00003754: $18 <= 00000003
                  94@00003758: $19 <= 00000004
                  94@0000375c: $14 <= 00000010
                  94@00003760: $16 <= 00000001
                  94@00003768: $16 <= 00000001
                  95@0000376c: $17 <= 00000002
                  95@00003770: $18 <= 00000003
                  95@00003774: $19 <= 00000004
                  95@00003778: $15 <= 00000010
                  95@0000377c: $16 <= 00000001
                  96@00003780: $17 <= 00000002
                  96@00003788: $16 <= 00000001
                  96@0000378c: $17 <= 00000002
                  96@00003790: $18 <= 00000003
                  97@00003794: $19 <= 00000004
                  97@00003798: $13 <= 00000008
                  97@000037a0: $16 <= 00000001
                  98@000037a4: $17 <= 00000002
                  98@000037a8: $18 <= 00000003
                  98@000037ac: $19 <= 00000004
                  98@000037b0: $14 <= 00000008
                  98@000037b4: $16 <= 00000001
                  99@000037bc: $16 <= 00000001
                  99@000037c0: $17 <= 00000002
                  99@000037c4: $18 <= 00000003
                  99@000037c8: $19 <= 00000004
                 100@000037cc: $15 <= 00000008
                 100@000037d0: $16 <= 00000001
                 100@000037d4: $17 <= 00000002
                 100@000037dc: $16 <= 00000001
                 101@000037e0: $17 <= 00000002
                 101@000037e4: $18 <= 00000003
                 101@000037e8: $19 <= 00000004
                 101@000037ec: $ 8 <= 00000004
                 101@000037f0: $ 9 <= 00000008
                 102@000037f4: $10 <= 0000000c
                 102@000037fc: *00000000 <= 00000004
                 102@000037f8: $16 <= 00000001
                 102@00003800: *00000004 <= 00000008
                 102@00003804: *00000008 <= 0000000c
                 103@00003808: $16 <= 00000001
                 103@0000380c: $17 <= 00000002
                 103@00003810: $11 <= 00000008
                 104@00003818: $16 <= 00000001
                 104@00003820: $18 <= 00000002
                 104@00003824: $19 <= 00000003
                 104@00003828: $12 <= 00000008
                 105@0000382c: $18 <= 00000002
                 105@00003834: $16 <= 00000001
                 105@0000383c: $18 <= 00000002
                 106@00003840: $19 <= 00000003
                 106@00003844: $13 <= 00000008
                 106@00003848: $18 <= 00000002
                 106@0000384c: $19 <= 00000003
                 107@00003854: $16 <= 00000001
                 107@0000385c: $18 <= 00000002
                 107@00003860: $19 <= 00000003
                 107@00003864: $14 <= 00000008
                 108@0000386c: $16 <= 00000001
                 108@00003874: $18 <= 00000002
                 108@00003878: $19 <= 00000003
                 109@0000387c: $15 <= 00000008
                 109@00003880: $18 <= 00000002
                 109@00003888: $16 <= 00000001
                 110@00003890: $18 <= 00000002
                 110@00003894: $19 <= 00000003
                 110@00003898: $24 <= 00000008
                 110@0000389c: $18 <= 00000002
                 110@000038a0: $19 <= 00000003
                 111@000038a8: $16 <= 00000001
                 111@000038b0: $18 <= 00000002
                 111@000038b4: $19 <= 00000003
                 111@000038b8: $ 8 <= 00000004
                 112@000038bc: $ 9 <= 00000008
                 112@000038c0: $10 <= 0000000c
                 112@000038c8: *00000000 <= 00000004
                 112@000038c4: $16 <= 00000001
                 112@000038cc: *00000004 <= 00000008
                 112@000038d0: *00000008 <= 0000000c
                 113@000038d4: $16 <= 00000001
                 113@000038d8: $17 <= 00000002
                 113@000038dc: $11 <= 00000008
                 114@000038e4: $16 <= 00000001
                 114@000038e8: $17 <= 00000002
                 114@000038ec: $18 <= 00000002
                 115@000038f0: $19 <= 00000003
                 115@000038f4: $12 <= 00000008
                 115@000038f8: $18 <= 00000002
                 116@00003900: $16 <= 00000001
                 116@00003904: $17 <= 00000002
                 116@00003908: $18 <= 00000002
                 116@0000390c: $19 <= 00000003
                 116@00003910: $13 <= 00000008
                 117@00003914: $18 <= 00000002
                 117@00003918: $19 <= 00000003
                 117@00003920: $16 <= 00000001
                 117@00003924: $17 <= 00000002
                 118@00003928: $18 <= 00000002
                 118@0000392c: $19 <= 00000003
                 118@00003930: $14 <= 00000008
                 119@00003938: $16 <= 00000001
                 119@0000393c: $17 <= 00000002
                 119@00003940: $18 <= 00000002
                 119@00003944: $19 <= 00000003
                 120@00003948: $15 <= 00000008
                 120@0000394c: $18 <= 00000002
                 120@00003954: $16 <= 00000001
                 121@00003958: $17 <= 00000002
                 121@0000395c: $18 <= 00000002
                 121@00003960: $19 <= 00000003
                 121@00003964: $24 <= 00000008
                 121@00003968: $18 <= 00000002
                 122@0000396c: $19 <= 00000003
                 122@00003974: $16 <= 00000001
                 122@00003978: $17 <= 00000002
                 122@0000397c: $18 <= 00000002
                 123@00003980: $19 <= 00000003
                 123@00003984: $ 8 <= 00000004
                 123@00003988: $ 9 <= 000039a0
                 123@0000398c: $10 <= 000039c0
                 123@00003990: $11 <= 000039a4
                 124@00003994: $12 <= 00003a04
                 124@00003998: $31 <= 000039a0
                 124@0000399c: $16 <= 00000001
                 124@000039a8: $16 <= 00000001
                 125@000039b0: $18 <= 00000002
                 125@000039b4: $19 <= 00000003
                 125@000039b8: $31 <= 000039c0
                 125@000039bc: $16 <= 00000001
                 125@000039c4: $18 <= 00000002
                 126@000039cc: $16 <= 00000001
                 126@000039d4: $18 <= 00000002
                 126@000039d8: $19 <= 00000003
                 126@000039dc: $31 <= 000039e4
                 127@000039e0: $16 <= 00000001
                 127@000039ec: $16 <= 00000001
                 127@000039f0: $17 <= 00000002
                 127@000039f4: $18 <= 00000002
                 128@000039f8: $19 <= 00000003
                 128@000039fc: $31 <= 00003a04
                 128@00003a00: $16 <= 00000001
                 128@00003a08: $18 <= 00000002
                 129@00003a10: $16 <= 00000001
                 129@00003a18: $18 <= 00000002
                 129@00003a1c: $19 <= 00000003
                 129@00003a20: $ 8 <= 00000004
                 129@00003a24: $ 9 <= 0000399c
                 130@00003a28: $10 <= 000039bc
                 130@00003a2c: $11 <= 000039e0
                 130@00003a30: $12 <= 00003a00
                 130@00003a34: $31 <= 00003a3c
                 130@00003a38: $16 <= 00000001
                 131@00003a44: $16 <= 00000001
                 131@00003a48: $17 <= 00000002
                 131@00003a4c: $18 <= 00000002
                 131@00003a50: $19 <= 00000003
                 132@00003a54: $31 <= 00003a5c
                 132@00003a58: $16 <= 00000001
                 132@00003a60: $18 <= 00000002
                 132@00003a68: $16 <= 00000001
                 133@00003a6c: $17 <= 00000002
                 133@00003a70: $18 <= 00000002
                 133@00003a74: $19 <= 00000003
                 133@00003a78: $31 <= 00003a80
                 133@00003a7c: $16 <= 00000001
                 134@00003a88: $16 <= 00000001
                 134@00003a8c: $17 <= 00000002
                 134@00003a90: $18 <= 00000002
                 134@00003a94: $19 <= 00000003
                 135@00003a98: $31 <= 00003aa0
                 135@00003a9c: $16 <= 00000001
                 135@00003aa4: $18 <= 00000002
                 135@00003aac: $16 <= 00000001
                 136@00003ab0: $17 <= 00000002
                 136@00003ab4: $18 <= 00000002
                 136@00003ab8: $19 <= 00000003
                 136@00003abc: $ 8 <= 00000004
                 136@00003ac0: $ 9 <= 00003010
                 137@00003ac4: $10 <= 00003030
                 137@00003ac8: $11 <= 00003050
                 137@00003acc: $12 <= 00003070
                 137@00003ad0: $31 <= 00003ad8
                 137@00003ad4: $16 <= 00000001
                 138@00003af0: $16 <= 00000001
                 138@00003ad8: $17 <= 00000002
                 138@00003adc: $18 <= 00000002
                 138@00003ae0: $19 <= 00000003
                 139@00003ae8: $20 <= 00000004
                 139@00003af8: $ 8 <= 00000004
                 139@00003afc: $ 9 <= 00003010
                 139@00003b00: $10 <= 00003030
                 140@00003b04: $11 <= 00003050
                 140@00003b08: $12 <= 00003070
                 140@00003b0c: $31 <= 00003b14
                 140@00003b10: $16 <= 00000001
                 140@00003b28: $19 <= 00000003
                 141@00003b30: $16 <= 00000001
                 141@00003b14: $17 <= 00000002
                 141@00003b18: $18 <= 00000002
                 141@00003b1c: $19 <= 00000003
                 142@00003b24: $20 <= 00000004
                 142@00003b38: $ 8 <= 00000004
                 142@00003b3c: $ 9 <= 00000008
                 142@00003b40: $10 <= 00003b58
                 143@00003b44: $16 <= 00000001
                 143@00003b48: $17 <= 00000002
                 143@00003b4c: $18 <= 00000003
                 143@00003b50: $11 <= 00003b5c
                 144@00003b58: $16 <= 00000001
                 144@00003b5c: $17 <= 00000002
                 144@00003b60: $18 <= 00000003
                 144@00003b64: $ 8 <= 00000004
                 145@00003b68: $ 9 <= 00000008
                 145@00003b6c: $10 <= 00003b88
                 145@00003b70: $16 <= 00000001
                 145@00003b74: $17 <= 00000002
                 145@00003b78: $18 <= 00000003
                 146@00003b7c: $11 <= 00003b8c
                 146@00003b80: $16 <= 00000001
                 146@00003b88: $16 <= 00000001
                 146@00003b8c: $17 <= 00000002
                 147@00003b90: $18 <= 00000003
                 147@00003b94: $ 8 <= 00000004
                 147@00003b98: $ 9 <= 00000008
                 147@00003b9c: $10 <= 00003bbc
                 147@00003ba0: $16 <= 00000001
                 148@00003ba4: $17 <= 00000002
                 148@00003ba8: $18 <= 00000003
                 148@00003bac: $11 <= 00003bc0
                 148@00003bb0: $16 <= 00000001
                 148@00003bb4: $17 <= 00000002
                 149@00003bbc: $16 <= 00000001
                 149@00003bc0: $17 <= 00000002
                 149@00003bc4: $18 <= 00000003
                 149@00003bc8: $ 8 <= 00000004
                 150@00003bcc: $ 9 <= 00000008
                 150@00003bd0: $10 <= 00003bec
                 150@00003bd4: $16 <= 00000001
                 150@00003bd8: $17 <= 00000002
                 150@00003bdc: $18 <= 00000003
                 151@00003be0: $11 <= 00003bec
                 151@00003be8: $16 <= 00000001
                 151@00003bec: $17 <= 00000002
                 152@00003bf0: $18 <= 00000003
                 152@00003bf4: $ 8 <= 00000004
                 152@00003bf8: $ 9 <= 00000008
                 152@00003bfc: $10 <= 00003c1c
                 152@00003c00: $16 <= 00000001
                 153@00003c04: $17 <= 00000002
                 153@00003c08: $18 <= 00000003
                 153@00003c0c: $11 <= 00003c1c
                 153@00003c10: $16 <= 00000001
                 154@00003c18: $16 <= 00000001
                 154@00003c1c: $17 <= 00000002
                 154@00003c20: $18 <= 00000003
                 154@00003c24: $ 8 <= 00000004
                 154@00003c28: $ 9 <= 00000008
                 155@00003c2c: $10 <= 00003c50
                 155@00003c30: $16 <= 00000001
                 155@00003c34: $17 <= 00000002
                 155@00003c38: $18 <= 00000003
                 155@00003c3c: $11 <= 00003c50
                 156@00003c40: $16 <= 00000001
                 156@00003c44: $17 <= 00000002
                 156@00003c4c: $16 <= 00000001
                 156@00003c50: $17 <= 00000002
                 157@00003c54: $18 <= 00000003
                 157@00003c58: $ 8 <= 00003c84
                 157@00003c5c: $ 9 <= 00003008
                 157@00003c60: $16 <= 00000000
                 157@00003c68: *00000000 <= 00003c84
                 157@00003c64: $16 <= 00000000
                 158@00003c6c: *00000004 <= 00003008
                 158@00003c70: $16 <= 00000000
                 158@00003c74: $16 <= 00000000
                 158@00003c78: $10 <= 00003c84
                 159@00003c80: $16 <= 00000000
                 159@00003c84: $16 <= 00000000
                 160@00003c88: $16 <= 00000000
                 160@00003c8c: $ 8 <= 00003cbc
                 160@00003c90: $ 9 <= 00003008
                 160@00003c94: $16 <= 00000000
                 160@00003c9c: *00000000 <= 00003cbc
                 160@00003c98: $16 <= 00000000
                 161@00003ca0: *00000004 <= 00003008
                 161@00003ca4: $16 <= 00000000
                 161@00003ca8: $16 <= 00000000
                 161@00003cac: $10 <= 00003cbc
                 162@00003cb0: $16 <= 00000000
                 162@00003cb8: $16 <= 00000000
                 162@00003cbc: $16 <= 00000000
                 163@00003cc0: $16 <= 00000000
                 163@00003cc4: $ 8 <= 00003cf8
                 163@00003cc8: $ 9 <= 00003008
                 163@00003ccc: $16 <= 00000000
                 163@00003cd4: *00000000 <= 00003cf8
                 163@00003cd0: $16 <= 00000000
                 164@00003cd8: *00000004 <= 00003008
                 164@00003cdc: $16 <= 00000000
                 164@00003ce0: $16 <= 00000000
                 164@00003ce4: $10 <= 00003cf8
                 165@00003ce8: $16 <= 00000000
                 165@00003cec: $16 <= 00000000
                 165@00003cf4: $16 <= 00000000
                 165@00003cf8: $16 <= 00000000
                 166@00003cfc: $16 <= 00000000
ISim P.20131013 (signature 0x7708f090)
----------------------------------------------------------------------
WARNING:Security:42 - Your software subscription period has lapsed. Your current version of Xilinx tools will continue to function, but you no longer qualify for Xilinx software updates or new releases.


----------------------------------------------------------------------
This is a Full version of ISim.
# run 1000 ns
Simulator is doing circuit initialization process.
Finished circuit initialization process.
@00003000: $ 8 <= 00000008
@00003004: $ 9 <= 00000008
@00003008: $ 8 <= 00000008
@0000300c: $10 <= 0000000c
@00003010: $ 9 <= 00000008
@00003014: $ 8 <= 00000008
@00003018: $10 <= 0000000c
@0000301c: $11 <= 0000000d
@00003020: $ 9 <= 00000008
@00003024: $ 8 <= 00000008
@00003028: $ 9 <= 00000008
@0000302c: $ 8 <= 00000008
@00003030: $10 <= 0000000c
@00003034: $ 9 <= 00000008
@00003038: $ 8 <= 00000008
@0000303c: $10 <= 0000000c
@00003040: $11 <= 0000000d
@00003044: $ 9 <= 00000008
@00003048: $ 8 <= 00080000
@0000304c: $ 9 <= 00080000
@00003050: $ 8 <= 00080000
@00003054: $10 <= 000c0000
@00003058: $ 9 <= 00080000
@0000305c: $ 8 <= 00080000
@00003060: $10 <= 000c0000
@00003064: $11 <= 000e0000
@00003068: $ 9 <= 00080000
@0000306c: $ 8 <= 00080000
@00003070: $ 9 <= 00080000
@00003074: $ 8 <= 00080000
@00003078: $10 <= 000c0000
@0000307c: $ 9 <= 00080000
@00003080: $ 8 <= 00080000
@00003084: $10 <= 000c0000
@00003088: $11 <= 000e0000
@0000308c: $ 9 <= 00080000
@00003090: $ 8 <= 00080000
@00003094: $ 9 <= 00080000
@00003098: $10 <= 00080000
@0000309c: $ 8 <= 00080000
@000030a0: $ 9 <= 00080000
@000030a4: $11 <= 00100000
@000030a8: $10 <= 00080000
@000030ac: $ 8 <= 00080000
@000030b0: $ 9 <= 00080000
@000030b4: $11 <= 00100000
@000030b8: $12 <= 00100000
@000030bc: $10 <= 00100000
@000030c0: $ 8 <= 00000008
@000030c4: $ 9 <= 0000000c
@000030c8: $10 <= 00000010
@000030cc: $11 <= 00000014
@000030d0: $12 <= 00000018
@000030d8: *00000008 <= 0000000c
@000030d4: $13 <= 0000001c
@000030dc: $16 <= 00000004
@000030e0: $17 <= 00000008
@000030e4: $18 <= 0000000c
@000030e8: $14 <= 0000000c
@000030ec: $15 <= 00000018
@000030f0: $ 8 <= 00000008
@000030f4: $ 9 <= 0000000c
@000030f8: $10 <= 00000010
@000030fc: $11 <= 00000014
@00003104: *00000008 <= 0000000c
@00003100: $12 <= 00000018
@00003108: $16 <= 00000004
@0000310c: $17 <= 00000008
@00003110: $18 <= 0000000c
@00003114: $14 <= 0000000c
@00003118: $13 <= 0000001c
@0000311c: $15 <= 00000018
@00003120: $ 8 <= 00000008
@00003124: $ 9 <= 0000000c
@00003128: $10 <= 00000010
@0000312c: $11 <= 00000014
@00003134: *00000008 <= 0000000c
@00003130: $12 <= 00000018
@00003138: $16 <= 00000004
@0000313c: $17 <= 00000008
@00003140: $18 <= 0000000c
@00003144: $14 <= 0000000c
@00003148: $13 <= 0000001c
@0000314c: $24 <= 00000020
@00003150: $15 <= 00000018
@00003154: $ 8 <= 00000008
@00003158: $ 9 <= 0000000c
@0000315c: $10 <= 00000010
@00003160: $31 <= 00003168
@00003164: $11 <= 000062d0
@00003170: $14 <= 00000014
@00003174: $ 8 <= 00000008
@00003178: $ 9 <= 0000000c
@0000317c: $10 <= 00000010
@00003180: $31 <= 00003188
@00003184: $12 <= 00000014
@0000318c: $11 <= 00006310
@00003190: $14 <= 00000014
@00003194: $15 <= 00000018
@00003198: $ 8 <= 00000008
@0000319c: $ 9 <= 0000000c
@000031a0: $10 <= 00000010
@000031a4: $31 <= 000031ac
@000031a8: $12 <= 00000014
@000031b0: $14 <= 00000014
@000031b4: $11 <= 00006358
@000031b8: $14 <= 00000014
@000031bc: $15 <= 00000018
@000031c0: $ 8 <= 00000008
@000031c4: $ 9 <= 0000000c
@000031c8: $ 8 <= 00000008
@000031cc: $10 <= 00000014
@000031d0: $ 9 <= 0000000c
@000031d4: $ 8 <= 00000008
@000031d8: $10 <= 00000014
@000031dc: $11 <= 00000018
@000031e0: $ 9 <= 0000000c
@000031e4: $ 8 <= 00000008
@000031e8: $ 9 <= 00000014
@000031ec: $10 <= 00000018
@000031f0: $11 <= 0000000c
@000031f4: $12 <= 00000010
@000031f8: $13 <= fffffff4
@000031fc: $14 <= fffffffd
@00003200: $ 8 <= 00000008
@00003204: $ 9 <= 00000014
@00003208: $10 <= 00000018
@0000320c: $11 <= 0000000c
@00003210: $12 <= 00000010
@00003214: $13 <= fffffff4
@00003218: $15 <= 00000014
@0000321c: $14 <= fffffffd
@00003220: $ 8 <= 00000008
@00003224: $ 9 <= 00000014
@00003228: $10 <= 00000018
@0000322c: $11 <= 0000000c
@00003230: $12 <= 00000010
@00003234: $13 <= fffffff4
@00003238: $15 <= 00000014
@0000323c: $24 <= 00000018
@00003240: $14 <= fffffffd
@00003244: $ 8 <= 00000008
@00003248: $ 9 <= 00000014
@0000324c: $10 <= 00000004
@00003250: $11 <= 0000000c
@00003258: *00000014 <= 00000008
@00003254: $12 <= 00000010
@0000325c: $13 <= 00000008
@00003260: $14 <= 0000000d
@00003264: $ 8 <= 00000008
@00003268: $ 9 <= 00000014
@0000326c: $10 <= 00000004
@00003270: $11 <= 0000000c
@00003278: *00000014 <= 00000008
@00003274: $12 <= 00000010
@0000327c: $13 <= 00000008
@00003280: $15 <= 00000014
@00003284: $14 <= 0000000d
@00003288: $ 8 <= 00000008
@0000328c: $ 9 <= 00000014
@00003290: $10 <= 00000004
@00003294: $11 <= 0000000c
@0000329c: *00000014 <= 00000008
@00003298: $12 <= 00000010
@000032a0: $13 <= 00000008
@000032a4: $15 <= 00000014
@000032a8: $24 <= 00000018
@000032ac: $14 <= 0000000d
@000032b0: $ 8 <= 00000008
@000032b4: $ 9 <= 00000014
@000032b8: $31 <= 000032c0
@000032bc: $10 <= 000032c8
@000032c4: $12 <= 00000012
@000032c8: $13 <= 00000016
@000032cc: $14 <= 0000001a
@000032d0: $ 8 <= 00000008
@000032d4: $ 9 <= 00000014
@000032d8: $31 <= 000032e0
@000032dc: $10 <= 00000004
@000032e4: $12 <= 000032f2
@000032e8: $13 <= 00000016
@000032ec: $14 <= 0000001a
@000032f0: $ 8 <= 00000008
@000032f4: $ 9 <= 00000014
@000032f8: $31 <= 00003300
@000032fc: $10 <= 00000004
@00003304: $15 <= 00000006
@00003308: $12 <= 00003312
@0000330c: $13 <= 00000016
@00003310: $14 <= 0000001a
@00003314: $ 8 <= 00000004
@00003318: $ 9 <= 00000008
@0000331c: $10 <= 00000009
@00003324: *00000004 <= 00000008
@00003320: $11 <= 0000000c
@00003328: *00000008 <= 00000009
@0000332c: *0000000c <= 0000000c
@00003330: $12 <= 00000004
@00003334: $13 <= 00000008
@00003338: $13 <= 00000008
@00003340: $14 <= 00000009
@00003344: $14 <= 0000000c
@00003348: $16 <= 0000000c
@0000334c: $17 <= 00000010
@00003350: $15 <= 0000000c
@00003354: $ 8 <= 00000004
@00003358: $ 9 <= 00000008
@0000335c: $10 <= 00000009
@00003364: *00000004 <= 00000008
@00003360: $11 <= 0000000c
@00003368: *00000008 <= 00000009
@0000336c: *0000000c <= 0000000c
@00003370: $12 <= 00000004
@00003374: $13 <= 00000008
@00003378: $13 <= 00000008
@00003380: $14 <= 00000009
@00003384: $14 <= 0000000c
@00003388: $16 <= 0000000c
@0000338c: $17 <= 00000010
@00003390: $15 <= 0000000c
@00003394: $ 8 <= 00000004
@00003398: $ 9 <= 00000008
@0000339c: $10 <= 0000000c
@000033a4: *00000000 <= 00000004
@000033a0: $11 <= 00000010
@000033a8: *00000004 <= 00000008
@000033ac: *00000008 <= 0000000c
@000033b0: *0000000c <= 00000010
@000033b4: $12 <= 00000008
@000033b8: $13 <= 0000000c
@000033bc: $13 <= 00000004
@000033c4: $14 <= 00000008
@000033c8: $14 <= 0000000c
@000033cc: $16 <= 00000001
@000033d0: $17 <= 00000002
@000033d4: $15 <= 00000010
@000033d8: $ 8 <= 00000004
@000033dc: $ 9 <= 00000008
@000033e0: $10 <= 0000000c
@000033e4: $11 <= 00000010
@000033e8: $12 <= 00000014
@000033f0: *0000000c <= 0000000c
@000033ec: $13 <= 0000000c
@000033f4: $14 <= 00000004
@000033fc: *00000008 <= 00000010
@000033f8: $16 <= 0000000c
@00003400: $15 <= 00000010
@00003404: $17 <= 00000004
@0000340c: *00000010 <= 00000014
@00003408: $18 <= 00000008
@00003414: *00000004 <= 00000004
@00003410: $13 <= 00000004
@00003418: $13 <= 00000008
@00003420: *00000010 <= 00000008
@0000341c: $16 <= 00000002
@00003424: $14 <= 00000024
@00003428: $16 <= 00000001
@00003430: *00000008 <= 00000024
@0000342c: $17 <= 00000002
@00003434: $ 8 <= 00000004
@00003438: $ 9 <= 00000008
@0000343c: $10 <= 0000000c
@00003440: $11 <= 00000010
@00003444: $12 <= 00000014
@0000344c: *0000000c <= 0000000c
@00003448: $13 <= 0000000c
@00003450: $14 <= 00000004
@00003458: *00000008 <= 00000010
@00003454: $16 <= 0000000c
@0000345c: $15 <= 00000010
@00003460: $17 <= 00000004
@00003468: *00000010 <= 00000014
@00003464: $18 <= 00000008
@00003470: *00000004 <= 00030000
@0000346c: $13 <= 00030000
@00003474: $13 <= 00010000
@0000347c: *00000010 <= 00010000
@00003478: $16 <= 00000002
@00003484: $16 <= 00000001
@0000348c: *00000008 <= 00000000
@00003488: $17 <= 00000002
@00003490: $ 8 <= 00000004
@00003494: $ 9 <= 00000008
@00003498: $10 <= 0000000c
@0000349c: $11 <= 00000010
@000034a4: *00000000 <= 00000004
@000034a0: $12 <= 00000014
@000034a8: *00000004 <= 00000008
@000034ac: *00000008 <= 0000000c
@000034b0: *0000000c <= 00000010
@000034b4: $13 <= 00000008
@000034b8: *00000008 <= 0000000c
@000034bc: $14 <= 00000008
@000034c4: *0000000c <= 00000010
@000034c0: $16 <= 0000000c
@000034c8: $15 <= 0000000c
@000034cc: $17 <= 00000004
@000034d4: *0000000c <= 00000014
@000034d0: $18 <= 00000008
@000034dc: *00000004 <= 00000014
@000034d8: $13 <= 00000014
@000034e0: $13 <= 00010000
@000034e8: *00000010 <= 00010000
@000034e4: $16 <= 00000002
@000034ec: $14 <= 0000000c
@000034f0: $16 <= 00000001
@000034f8: *00000008 <= 0000000c
@000034f4: $17 <= 00000002
@000034fc: $ 8 <= 00000004
@00003500: $ 9 <= 00000008
@00003504: $10 <= 0000000c
@00003508: $11 <= 00000010
@0000350c: $12 <= fffffffc
@00003510: $13 <= 0000000c
@00003518: $16 <= 00000001
@00003520: $18 <= 00000003
@00003524: $19 <= 00000004
@00003528: $14 <= 0000000c
@0000352c: $16 <= 00000001
@00003534: $16 <= 00000001
@0000353c: $18 <= 00000003
@00003540: $19 <= 00000004
@00003544: $15 <= 0000000c
@00003548: $16 <= 00000001
@0000354c: $17 <= 00000002
@00003554: $16 <= 00000001
@0000355c: $18 <= 00000003
@00003560: $19 <= 00000004
@00003564: $13 <= fffffffc
@0000356c: $16 <= 00000001
@00003574: $18 <= 00000003
@00003578: $19 <= 00000004
@0000357c: $14 <= fffffffc
@00003580: $16 <= 00000001
@00003588: $16 <= 00000001
@00003590: $18 <= 00000003
@00003594: $19 <= 00000004
@00003598: $15 <= fffffffc
@0000359c: $16 <= 00000001
@000035a0: $17 <= 00000002
@000035a8: $16 <= 00000001
@000035b0: $18 <= 00000003
@000035b4: $19 <= 00000004
@000035b8: $ 8 <= 00000004
@000035bc: $ 9 <= 00000008
@000035c0: $10 <= 0000000c
@000035c4: $11 <= 00000010
@000035c8: $12 <= fffffffc
@000035cc: $13 <= 0000000c
@000035d4: $16 <= 00000001
@000035d8: $17 <= 00000002
@000035dc: $18 <= 00000003
@000035e0: $19 <= 00000004
@000035e4: $14 <= 0000000c
@000035e8: $16 <= 00000001
@000035f0: $16 <= 00000001
@000035f4: $17 <= 00000002
@000035f8: $18 <= 00000003
@000035fc: $19 <= 00000004
@00003600: $15 <= 0000000c
@00003604: $16 <= 00000001
@00003608: $17 <= 00000002
@00003610: $16 <= 00000001
@00003614: $17 <= 00000002
@00003618: $18 <= 00000003
@0000361c: $19 <= 00000004
@00003620: $13 <= fffffffc
@00003628: $16 <= 00000001
@0000362c: $17 <= 00000002
@00003630: $18 <= 00000003
@00003634: $19 <= 00000004
@00003638: $14 <= fffffffc
@0000363c: $16 <= 00000001
@00003644: $16 <= 00000001
@00003648: $17 <= 00000002
@0000364c: $18 <= 00000003
@00003650: $19 <= 00000004
@00003654: $15 <= fffffffc
@00003658: $16 <= 00000001
@0000365c: $17 <= 00000002
@00003664: $16 <= 00000001
@00003668: $17 <= 00000002
@0000366c: $18 <= 00000003
@00003670: $19 <= 00000004
@00003674: $ 8 <= 00000004
@00003678: $ 9 <= 00000008
@0000367c: $10 <= 0000000c
@00003680: $11 <= 00000010
@00003684: $12 <= fffffffc
@00003688: $13 <= 00000010
@00003690: $16 <= 00000001
@00003698: $18 <= 00000003
@0000369c: $19 <= 00000004
@000036a0: $14 <= 00000010
@000036a4: $16 <= 00000001
@000036ac: $16 <= 00000001
@000036b4: $18 <= 00000003
@000036b8: $19 <= 00000004
@000036bc: $15 <= 00000010
@000036c0: $16 <= 00000001
@000036c4: $17 <= 00000002
@000036cc: $16 <= 00000001
@000036d4: $18 <= 00000003
@000036d8: $19 <= 00000004
@000036dc: $13 <= 00000008
@000036e4: $16 <= 00000001
@000036ec: $18 <= 00000003
@000036f0: $19 <= 00000004
@000036f4: $14 <= 00000008
@000036f8: $16 <= 00000001
@00003700: $16 <= 00000001
@00003708: $18 <= 00000003
@0000370c: $19 <= 00000004
@00003710: $15 <= 00000008
@00003714: $16 <= 00000001
@00003718: $17 <= 00000002
@00003720: $16 <= 00000001
@00003728: $18 <= 00000003
@0000372c: $19 <= 00000004
@00003730: $ 8 <= 00000004
@00003734: $ 9 <= 00000008
@00003738: $10 <= 0000000c
@0000373c: $11 <= 00000010
@00003740: $12 <= fffffffc
@00003744: $13 <= 00000010
@0000374c: $16 <= 00000001
@00003750: $17 <= 00000002
@00003754: $18 <= 00000003
@00003758: $19 <= 00000004
@0000375c: $14 <= 00000010
@00003760: $16 <= 00000001
@00003768: $16 <= 00000001
@0000376c: $17 <= 00000002
@00003770: $18 <= 00000003
@00003774: $19 <= 00000004
@00003778: $15 <= 00000010
@0000377c: $16 <= 00000001
@00003780: $17 <= 00000002
@00003788: $16 <= 00000001
@0000378c: $17 <= 00000002
@00003790: $18 <= 00000003
@00003794: $19 <= 00000004
@00003798: $13 <= 00000008
@000037a0: $16 <= 00000001
@000037a4: $17 <= 00000002
@000037a8: $18 <= 00000003
@000037ac: $19 <= 00000004
@000037b0: $14 <= 00000008
@000037b4: $16 <= 00000001
@000037bc: $16 <= 00000001
@000037c0: $17 <= 00000002
@000037c4: $18 <= 00000003
@000037c8: $19 <= 00000004
@000037cc: $15 <= 00000008
@000037d0: $16 <= 00000001
@000037d4: $17 <= 00000002
@000037dc: $16 <= 00000001
@000037e0: $17 <= 00000002
@000037e4: $18 <= 00000003
@000037e8: $19 <= 00000004
@000037ec: $ 8 <= 00000004
@000037f0: $ 9 <= 00000008
@000037f4: $10 <= 0000000c
@000037fc: *00000000 <= 00000004
@000037f8: $16 <= 00000001
@00003800: *00000004 <= 00000008
@00003804: *00000008 <= 0000000c
@00003808: $16 <= 00000001
@0000380c: $17 <= 00000002
@00003810: $11 <= 00000008
@00003818: $16 <= 00000001
@00003820: $18 <= 00000002
@00003824: $19 <= 00000003
@00003828: $12 <= 00000008
@0000382c: $18 <= 00000002
@00003834: $16 <= 00000001
@0000383c: $18 <= 00000002
@00003840: $19 <= 00000003
@00003844: $13 <= 00000008
@00003848: $18 <= 00000002
@0000384c: $19 <= 00000003
@00003854: $16 <= 00000001
@0000385c: $18 <= 00000002
@00003860: $19 <= 00000003
@00003864: $14 <= 00000008
@0000386c: $16 <= 00000001
@00003874: $18 <= 00000002
@00003878: $19 <= 00000003
@0000387c: $15 <= 00000008
@00003880: $18 <= 00000002
@00003888: $16 <= 00000001
@00003890: $18 <= 00000002
@00003894: $19 <= 00000003
@00003898: $24 <= 00000008
@0000389c: $18 <= 00000002
@000038a0: $19 <= 00000003
@000038a8: $16 <= 00000001
@000038b0: $18 <= 00000002
@000038b4: $19 <= 00000003
@000038b8: $ 8 <= 00000004
@000038bc: $ 9 <= 00000008
@000038c0: $10 <= 0000000c
@000038c8: *00000000 <= 00000004
@000038c4: $16 <= 00000001
@000038cc: *00000004 <= 00000008
@000038d0: *00000008 <= 0000000c
@000038d4: $16 <= 00000001
@000038d8: $17 <= 00000002
@000038dc: $11 <= 00000008
@000038e4: $16 <= 00000001
@000038e8: $17 <= 00000002
@000038ec: $18 <= 00000002
@000038f0: $19 <= 00000003
@000038f4: $12 <= 00000008
@000038f8: $18 <= 00000002
@00003900: $16 <= 00000001
@00003904: $17 <= 00000002
@00003908: $18 <= 00000002
@0000390c: $19 <= 00000003
@00003910: $13 <= 00000008
@00003914: $18 <= 00000002
@00003918: $19 <= 00000003
@00003920: $16 <= 00000001
@00003924: $17 <= 00000002
@00003928: $18 <= 00000002
@0000392c: $19 <= 00000003
@00003930: $14 <= 00000008
@00003938: $16 <= 00000001
@0000393c: $17 <= 00000002
@00003940: $18 <= 00000002
@00003944: $19 <= 00000003
@00003948: $15 <= 00000008
@0000394c: $18 <= 00000002
@00003954: $16 <= 00000001
@00003958: $17 <= 00000002
@0000395c: $18 <= 00000002
@00003960: $19 <= 00000003
@00003964: $24 <= 00000008
@00003968: $18 <= 00000002
@0000396c: $19 <= 00000003
@00003974: $16 <= 00000001
@00003978: $17 <= 00000002
@0000397c: $18 <= 00000002
@00003980: $19 <= 00000003
@00003984: $ 8 <= 00000004
@00003988: $ 9 <= 000039a0
@0000398c: $10 <= 000039c0
@00003990: $11 <= 000039a4
@00003994: $12 <= 00003a04
@00003998: $31 <= 000039a0
@0000399c: $16 <= 00000001
@000039a8: $16 <= 00000001
@000039b0: $18 <= 00000002
@000039b4: $19 <= 00000003
@000039b8: $31 <= 000039c0
@000039bc: $16 <= 00000001
@000039c4: $18 <= 00000002
@000039cc: $16 <= 00000001
@000039d4: $18 <= 00000002
@000039d8: $19 <= 00000003
@000039dc: $31 <= 000039e4
@000039e0: $16 <= 00000001
@000039ec: $16 <= 00000001
@000039f0: $17 <= 00000002
@000039f4: $18 <= 00000002
@000039f8: $19 <= 00000003
@000039fc: $31 <= 00003a04
@00003a00: $16 <= 00000001
@00003a08: $18 <= 00000002
@00003a10: $16 <= 00000001
@00003a18: $18 <= 00000002
@00003a1c: $19 <= 00000003
@00003a20: $ 8 <= 00000004
@00003a24: $ 9 <= 0000399c
@00003a28: $10 <= 000039bc
@00003a2c: $11 <= 000039e0
@00003a30: $12 <= 00003a00
@00003a34: $31 <= 00003a3c
@00003a38: $16 <= 00000001
@00003a44: $16 <= 00000001
@00003a48: $17 <= 00000002
@00003a4c: $18 <= 00000002
@00003a50: $19 <= 00000003
@00003a54: $31 <= 00003a5c
@00003a58: $16 <= 00000001
@00003a60: $18 <= 00000002
@00003a68: $16 <= 00000001
@00003a6c: $17 <= 00000002
@00003a70: $18 <= 00000002
@00003a74: $19 <= 00000003
@00003a78: $31 <= 00003a80
@00003a7c: $16 <= 00000001
@00003a88: $16 <= 00000001
@00003a8c: $17 <= 00000002
@00003a90: $18 <= 00000002
@00003a94: $19 <= 00000003
@00003a98: $31 <= 00003aa0
@00003a9c: $16 <= 00000001
@00003aa4: $18 <= 00000002
@00003aac: $16 <= 00000001
@00003ab0: $17 <= 00000002
@00003ab4: $18 <= 00000002
@00003ab8: $19 <= 00000003
@00003abc: $ 8 <= 00000004
@00003ac0: $ 9 <= 00003010
@00003ac4: $10 <= 00003030
@00003ac8: $11 <= 00003050
@00003acc: $12 <= 00003070
@00003ad0: $31 <= 00003ad8
@00003ad4: $16 <= 00000001
@00003af0: $16 <= 00000001
@00003ad8: $17 <= 00000002
@00003adc: $18 <= 00000002
@00003ae0: $19 <= 00000003
@00003ae8: $20 <= 00000004
@00003af8: $ 8 <= 00000004
@00003afc: $ 9 <= 00003010
@00003b00: $10 <= 00003030
@00003b04: $11 <= 00003050
@00003b08: $12 <= 00003070
@00003b0c: $31 <= 00003b14
@00003b10: $16 <= 00000001
@00003b28: $19 <= 00000003
@00003b30: $16 <= 00000001
@00003b14: $17 <= 00000002
@00003b18: $18 <= 00000002
@00003b1c: $19 <= 00000003
@00003b24: $20 <= 00000004
@00003b38: $ 8 <= 00000004
@00003b3c: $ 9 <= 00000008
@00003b40: $10 <= 00003b58
@00003b44: $16 <= 00000001
@00003b48: $17 <= 00000002
@00003b4c: $18 <= 00000003
@00003b50: $11 <= 00003b5c
@00003b58: $16 <= 00000001
@00003b5c: $17 <= 00000002
@00003b60: $18 <= 00000003
@00003b64: $ 8 <= 00000004
@00003b68: $ 9 <= 00000008
@00003b6c: $10 <= 00003b88
@00003b70: $16 <= 00000001
@00003b74: $17 <= 00000002
@00003b78: $18 <= 00000003
@00003b7c: $11 <= 00003b8c
@00003b80: $16 <= 00000001
@00003b88: $16 <= 00000001
@00003b8c: $17 <= 00000002
@00003b90: $18 <= 00000003
@00003b94: $ 8 <= 00000004
@00003b98: $ 9 <= 00000008
@00003b9c: $10 <= 00003bbc
@00003ba0: $16 <= 00000001
@00003ba4: $17 <= 00000002
@00003ba8: $18 <= 00000003
@00003bac: $11 <= 00003bc0
@00003bb0: $16 <= 00000001
@00003bb4: $17 <= 00000002
@00003bbc: $16 <= 00000001
@00003bc0: $17 <= 00000002
@00003bc4: $18 <= 00000003
@00003bc8: $ 8 <= 00000004
@00003bcc: $ 9 <= 00000008
@00003bd0: $10 <= 00003bec
@00003bd4: $16 <= 00000001
@00003bd8: $17 <= 00000002
@00003bdc: $18 <= 00000003
@00003be0: $11 <= 00003bec
@00003be8: $16 <= 00000001
@00003bec: $17 <= 00000002
@00003bf0: $18 <= 00000003
@00003bf4: $ 8 <= 00000004
@00003bf8: $ 9 <= 00000008
@00003bfc: $10 <= 00003c1c
@00003c00: $16 <= 00000001
@00003c04: $17 <= 00000002
@00003c08: $18 <= 00000003
@00003c0c: $11 <= 00003c1c
@00003c10: $16 <= 00000001
@00003c18: $16 <= 00000001
@00003c1c: $17 <= 00000002
@00003c20: $18 <= 00000003
@00003c24: $ 8 <= 00000004
@00003c28: $ 9 <= 00000008
@00003c2c: $10 <= 00003c50
@00003c30: $16 <= 00000001
@00003c34: $17 <= 00000002
@00003c38: $18 <= 00000003
@00003c3c: $11 <= 00003c50
@00003c40: $16 <= 00000001
@00003c44: $17 <= 00000002
@00003c4c: $16 <= 00000001
@00003c50: $17 <= 00000002
@00003c54: $18 <= 00000003
@00003c58: $ 8 <= 00003c84
@00003c5c: $ 9 <= 00003008
@00003c60: $16 <= 00000000
@00003c68: *00000000 <= 00003c84
@00003c64: $16 <= 00000000
@00003c6c: *00000004 <= 00003008
@00003c70: $16 <= 00000000
@00003c74: $16 <= 00000000
@00003c78: $10 <= 00003c84
@00003c80: $16 <= 00000000
@00003c84: $16 <= 00000000
@00003c88: $16 <= 00000000
@00003c8c: $ 8 <= 00003cbc
@00003c90: $ 9 <= 00003008
@00003c94: $16 <= 00000000
@00003c9c: *00000000 <= 00003cbc
@00003c98: $16 <= 00000000
@00003ca0: *00000004 <= 00003008
@00003ca4: $16 <= 00000000
@00003ca8: $16 <= 00000000
@00003cac: $10 <= 00003cbc
@00003cb0: $16 <= 00000000
@00003cb8: $16 <= 00000000
@00003cbc: $16 <= 00000000
@00003cc0: $16 <= 00000000
@00003cc4: $ 8 <= 00003cf8
@00003cc8: $ 9 <= 00003008
@00003ccc: $16 <= 00000000
@00003cd4: *00000000 <= 00003cf8
@00003cd0: $16 <= 00000000
@00003cd8: *00000004 <= 00003008
@00003cdc: $16 <= 00000000
@00003ce0: $16 <= 00000000
@00003ce4: $10 <= 00003cf8
@00003ce8: $16 <= 00000000
@00003cec: $16 <= 00000000
@00003cf4: $16 <= 00000000
@00003cf8: $16 <= 00000000
@00003cfc: $16 <= 00000000
ISim P.20131013 (signature 0x7708f090)
----------------------------------------------------------------------
WARNING:Security:42 - Your software subscription period has lapsed. Your current version of Xilinx tools will continue to function, but you no longer qualify for Xilinx software updates or new releases.


----------------------------------------------------------------------
This is a Full version of ISim.
# run 1000 ns
Simulator is doing circuit initialization process.
Finished circuit initialization process.
@00003000: $ 8 <= 00000008
@00003004: $ 9 <= 00000008
@00003008: $ 8 <= 00000008
@0000300c: $10 <= 0000000c
@00003010: $ 9 <= 00000008
@00003014: $ 8 <= 00000008
@00003018: $10 <= 0000000c
@0000301c: $11 <= 0000000d
@00003020: $ 9 <= 00000008
@00003024: $ 8 <= 00000008
@00003028: $ 9 <= 00000008
@0000302c: $ 8 <= 00000008
@00003030: $10 <= 0000000c
@00003034: $ 9 <= 00000008
@00003038: $ 8 <= 00000008
@0000303c: $10 <= 0000000c
@00003040: $11 <= 0000000d
@00003044: $ 9 <= 00000008
@00003048: $ 8 <= 00080000
@0000304c: $ 9 <= 00080000
@00003050: $ 8 <= 00080000
@00003054: $10 <= 000c0000
@00003058: $ 9 <= 00080000
@0000305c: $ 8 <= 00080000
@00003060: $10 <= 000c0000
@00003064: $11 <= 000e0000
@00003068: $ 9 <= 00080000
@0000306c: $ 8 <= 00080000
@00003070: $ 9 <= 00080000
@00003074: $ 8 <= 00080000
@00003078: $10 <= 000c0000
@0000307c: $ 9 <= 00080000
@00003080: $ 8 <= 00080000
@00003084: $10 <= 000c0000
@00003088: $11 <= 000e0000
@0000308c: $ 9 <= 00080000
@00003090: $ 8 <= 00080000
@00003094: $ 9 <= 00080000
@00003098: $10 <= 00080000
@0000309c: $ 8 <= 00080000
@000030a0: $ 9 <= 00080000
@000030a4: $11 <= 00100000
@000030a8: $10 <= 00080000
@000030ac: $ 8 <= 00080000
@000030b0: $ 9 <= 00080000
@000030b4: $11 <= 00100000
@000030b8: $12 <= 00100000
@000030bc: $10 <= 00100000
@000030c0: $ 8 <= 00000008
@000030c4: $ 9 <= 0000000c
@000030c8: $10 <= 00000010
@000030cc: $11 <= 00000014
@000030d0: $12 <= 00000018
@000030d4: $13 <= 0000001c
@000030d8: *00000008 <= 0000000c
@000030dc: $16 <= 00000004
@000030e0: $17 <= 00000008
@000030e4: $18 <= 0000000c
@000030e8: $14 <= 0000000c
@000030ec: $15 <= 00000018
@000030f0: $ 8 <= 00000008
@000030f4: $ 9 <= 0000000c
@000030f8: $10 <= 00000010
@000030fc: $11 <= 00000014
@00003100: $12 <= 00000018
@00003104: *00000008 <= 0000000c
@00003108: $16 <= 00000004
@0000310c: $17 <= 00000008
@00003110: $18 <= 0000000c
@00003114: $14 <= 0000000c
@00003118: $13 <= 0000001c
@0000311c: $15 <= 00000018
@00003120: $ 8 <= 00000008
@00003124: $ 9 <= 0000000c
@00003128: $10 <= 00000010
@0000312c: $11 <= 00000014
@00003130: $12 <= 00000018
@00003134: *00000008 <= 0000000c
@00003138: $16 <= 00000004
@0000313c: $17 <= 00000008
@00003140: $18 <= 0000000c
@00003144: $14 <= 0000000c
@00003148: $13 <= 0000001c
@0000314c: $24 <= 00000020
@00003150: $15 <= 00000018
@00003154: $ 8 <= 00000008
@00003158: $ 9 <= 0000000c
@0000315c: $10 <= 00000010
@00003160: $31 <= 00003168
@00003164: $11 <= 000062d0
@00003170: $14 <= 00000014
@00003174: $ 8 <= 00000008
@00003178: $ 9 <= 0000000c
@0000317c: $10 <= 00000010
@00003180: $31 <= 00003188
@00003184: $12 <= 00000014
@0000318c: $11 <= 00006310
@00003190: $14 <= 00000014
@00003194: $15 <= 00000018
@00003198: $ 8 <= 00000008
@0000319c: $ 9 <= 0000000c
@000031a0: $10 <= 00000010
@000031a4: $31 <= 000031ac
@000031a8: $12 <= 00000014
@000031b0: $14 <= 00000014
@000031b4: $11 <= 00006358
@000031b8: $14 <= 00000014
@000031bc: $15 <= 00000018
@000031c0: $ 8 <= 00000008
@000031c4: $ 9 <= 0000000c
@000031c8: $ 8 <= 00000008
@000031cc: $10 <= 00000014
@000031d0: $ 9 <= 0000000c
@000031d4: $ 8 <= 00000008
@000031d8: $10 <= 00000014
@000031dc: $11 <= 00000018
@000031e0: $ 9 <= 0000000c
@000031e4: $ 8 <= 00000008
@000031e8: $ 9 <= 00000014
@000031ec: $10 <= 00000018
@000031f0: $11 <= 0000000c
@000031f4: $12 <= 00000010
@000031f8: $13 <= fffffff4
@000031fc: $14 <= fffffffd
@00003200: $ 8 <= 00000008
@00003204: $ 9 <= 00000014
@00003208: $10 <= 00000018
@0000320c: $11 <= 0000000c
@00003210: $12 <= 00000010
@00003214: $13 <= fffffff4
@00003218: $15 <= 00000014
@0000321c: $14 <= fffffffd
@00003220: $ 8 <= 00000008
@00003224: $ 9 <= 00000014
@00003228: $10 <= 00000018
@0000322c: $11 <= 0000000c
@00003230: $12 <= 00000010
@00003234: $13 <= fffffff4
@00003238: $15 <= 00000014
@0000323c: $24 <= 00000018
@00003240: $14 <= fffffffd
@00003244: $ 8 <= 00000008
@00003248: $ 9 <= 00000014
@0000324c: $10 <= 00000004
@00003250: $11 <= 0000000c
@00003254: $12 <= 00000010
@00003258: *00000014 <= 00000008
@0000325c: $13 <= 00000008
@00003260: $14 <= 0000000d
@00003264: $ 8 <= 00000008
@00003268: $ 9 <= 00000014
@0000326c: $10 <= 00000004
@00003270: $11 <= 0000000c
@00003274: $12 <= 00000010
@00003278: *00000014 <= 00000008
@0000327c: $13 <= 00000008
@00003280: $15 <= 00000014
@00003284: $14 <= 0000000d
@00003288: $ 8 <= 00000008
@0000328c: $ 9 <= 00000014
@00003290: $10 <= 00000004
@00003294: $11 <= 0000000c
@00003298: $12 <= 00000010
@0000329c: *00000014 <= 00000008
@000032a0: $13 <= 00000008
@000032a4: $15 <= 00000014
@000032a8: $24 <= 00000018
@000032ac: $14 <= 0000000d
@000032b0: $ 8 <= 00000008
@000032b4: $ 9 <= 00000014
@000032b8: $31 <= 000032c0
@000032bc: $10 <= 000032c8
@000032c4: $12 <= 00000012
@000032c8: $13 <= 00000016
@000032cc: $14 <= 0000001a
@000032d0: $ 8 <= 00000008
@000032d4: $ 9 <= 00000014
@000032d8: $31 <= 000032e0
@000032dc: $10 <= 00000004
@000032e4: $12 <= 000032f2
@000032e8: $13 <= 00000016
@000032ec: $14 <= 0000001a
@000032f0: $ 8 <= 00000008
@000032f4: $ 9 <= 00000014
@000032f8: $31 <= 00003300
@000032fc: $10 <= 00000004
@00003304: $15 <= 00000006
@00003308: $12 <= 00003312
@0000330c: $13 <= 00000016
@00003310: $14 <= 0000001a
@00003314: $ 8 <= 00000004
@00003318: $ 9 <= 00000008
@0000331c: $10 <= 00000009
@00003320: $11 <= 0000000c
@00003324: *00000004 <= 00000008
@00003328: *00000008 <= 00000009
@0000332c: *0000000c <= 0000000c
@00003330: $12 <= 00000004
@00003334: $13 <= 00000008
@00003338: $13 <= 00000008
@00003340: $14 <= 00000009
@00003344: $14 <= 0000000c
@00003348: $16 <= 0000000c
@0000334c: $17 <= 00000010
@00003350: $15 <= 0000000c
@00003354: $ 8 <= 00000004
@00003358: $ 9 <= 00000008
@0000335c: $10 <= 00000009
@00003360: $11 <= 0000000c
@00003364: *00000004 <= 00000008
@00003368: *00000008 <= 00000009
@0000336c: *0000000c <= 0000000c
@00003370: $12 <= 00000004
@00003374: $13 <= 00000008
@00003378: $13 <= 00000008
@00003380: $14 <= 00000009
@00003384: $14 <= 0000000c
@00003388: $16 <= 0000000c
@0000338c: $17 <= 00000010
@00003390: $15 <= 0000000c
@00003394: $ 8 <= 00000004
@00003398: $ 9 <= 00000008
@0000339c: $10 <= 0000000c
@000033a0: $11 <= 00000010
@000033a4: *00000000 <= 00000004
@000033a8: *00000004 <= 00000008
@000033ac: *00000008 <= 0000000c
@000033b0: *0000000c <= 00000010
@000033b4: $12 <= 00000008
@000033b8: $13 <= 0000000c
@000033bc: $13 <= 00000004
@000033c4: $14 <= 00000008
@000033c8: $14 <= 0000000c
@000033cc: $16 <= 00000001
@000033d0: $17 <= 00000002
@000033d4: $15 <= 00000010
@000033d8: $ 8 <= 00000004
@000033dc: $ 9 <= 00000008
@000033e0: $10 <= 0000000c
@000033e4: $11 <= 00000010
@000033e8: $12 <= 00000014
@000033ec: $13 <= 0000000c
@000033f0: *0000000c <= 0000000c
@000033f4: $14 <= 00000004
@000033f8: $16 <= 0000000c
@000033fc: *00000008 <= 00000010
@00003400: $15 <= 00000010
@00003404: $17 <= 00000004
@00003408: $18 <= 00000008
@0000340c: *00000010 <= 00000014
@00003410: $13 <= 00000004
@00003414: *00000004 <= 00000004
@00003418: $13 <= 00000008
@0000341c: $16 <= 00000002
@00003420: *00000010 <= 00000008
@00003424: $14 <= 00000024
@00003428: $16 <= 00000001
@0000342c: $17 <= 00000002
@00003430: *00000008 <= 00000024
@00003434: $ 8 <= 00000004
@00003438: $ 9 <= 00000008
@0000343c: $10 <= 0000000c
@00003440: $11 <= 00000010
@00003444: $12 <= 00000014
@00003448: $13 <= 0000000c
@0000344c: *0000000c <= 0000000c
@00003450: $14 <= 00000004
@00003454: $16 <= 0000000c
@00003458: *00000008 <= 00000010
@0000345c: $15 <= 00000010
@00003460: $17 <= 00000004
@00003464: $18 <= 00000008
@00003468: *00000010 <= 00000014
@0000346c: $13 <= 00030000
@00003470: *00000004 <= 00030000
@00003474: $13 <= 00010000
@00003478: $16 <= 00000002
@0000347c: *00000010 <= 00010000
@00003484: $16 <= 00000001
@00003488: $17 <= 00000002
@0000348c: *00000008 <= 00000000
@00003490: $ 8 <= 00000004
@00003494: $ 9 <= 00000008
@00003498: $10 <= 0000000c
@0000349c: $11 <= 00000010
@000034a0: $12 <= 00000014
@000034a4: *00000000 <= 00000004
@000034a8: *00000004 <= 00000008
@000034ac: *00000008 <= 0000000c
@000034b0: *0000000c <= 00000010
@000034b4: $13 <= 00000008
@000034b8: *00000008 <= 0000000c
@000034bc: $14 <= 00000008
@000034c0: $16 <= 0000000c
@000034c4: *0000000c <= 00000010
@000034c8: $15 <= 0000000c
@000034cc: $17 <= 00000004
@000034d0: $18 <= 00000008
@000034d4: *0000000c <= 00000014
@000034d8: $13 <= 00000014
@000034dc: *00000004 <= 00000014
@000034e0: $13 <= 00010000
@000034e4: $16 <= 00000002
@000034e8: *00000010 <= 00010000
@000034ec: $14 <= 0000000c
@000034f0: $16 <= 00000001
@000034f4: $17 <= 00000002
@000034f8: *00000008 <= 0000000c
@000034fc: $ 8 <= 00000004
@00003500: $ 9 <= 00000008
@00003504: $10 <= 0000000c
@00003508: $11 <= 00000010
@0000350c: $12 <= fffffffc
@00003510: $13 <= 0000000c
@00003518: $16 <= 00000001
@00003520: $18 <= 00000003
@00003524: $19 <= 00000004
@00003528: $14 <= 0000000c
@0000352c: $16 <= 00000001
@00003534: $16 <= 00000001
@0000353c: $18 <= 00000003
@00003540: $19 <= 00000004
@00003544: $15 <= 0000000c
@00003548: $16 <= 00000001
@0000354c: $17 <= 00000002
@00003554: $16 <= 00000001
@0000355c: $18 <= 00000003
@00003560: $19 <= 00000004
@00003564: $13 <= fffffffc
@0000356c: $16 <= 00000001
@00003574: $18 <= 00000003
@00003578: $19 <= 00000004
@0000357c: $14 <= fffffffc
@00003580: $16 <= 00000001
@00003588: $16 <= 00000001
@00003590: $18 <= 00000003
@00003594: $19 <= 00000004
@00003598: $15 <= fffffffc
@0000359c: $16 <= 00000001
@000035a0: $17 <= 00000002
@000035a8: $16 <= 00000001
@000035b0: $18 <= 00000003
@000035b4: $19 <= 00000004
@000035b8: $ 8 <= 00000004
@000035bc: $ 9 <= 00000008
@000035c0: $10 <= 0000000c
@000035c4: $11 <= 00000010
@000035c8: $12 <= fffffffc
@000035cc: $13 <= 0000000c
@000035d4: $16 <= 00000001
@000035d8: $17 <= 00000002
@000035dc: $18 <= 00000003
@000035e0: $19 <= 00000004
@000035e4: $14 <= 0000000c
@000035e8: $16 <= 00000001
@000035f0: $16 <= 00000001
@000035f4: $17 <= 00000002
@000035f8: $18 <= 00000003
@000035fc: $19 <= 00000004
@00003600: $15 <= 0000000c
@00003604: $16 <= 00000001
@00003608: $17 <= 00000002
@00003610: $16 <= 00000001
@00003614: $17 <= 00000002
@00003618: $18 <= 00000003
@0000361c: $19 <= 00000004
@00003620: $13 <= fffffffc
@00003628: $16 <= 00000001
@0000362c: $17 <= 00000002
@00003630: $18 <= 00000003
@00003634: $19 <= 00000004
@00003638: $14 <= fffffffc
@0000363c: $16 <= 00000001
@00003644: $16 <= 00000001
@00003648: $17 <= 00000002
@0000364c: $18 <= 00000003
@00003650: $19 <= 00000004
@00003654: $15 <= fffffffc
@00003658: $16 <= 00000001
@0000365c: $17 <= 00000002
@00003664: $16 <= 00000001
@00003668: $17 <= 00000002
@0000366c: $18 <= 00000003
@00003670: $19 <= 00000004
@00003674: $ 8 <= 00000004
@00003678: $ 9 <= 00000008
@0000367c: $10 <= 0000000c
@00003680: $11 <= 00000010
@00003684: $12 <= fffffffc
@00003688: $13 <= 00000010
@00003690: $16 <= 00000001
@00003698: $18 <= 00000003
@0000369c: $19 <= 00000004
@000036a0: $14 <= 00000010
@000036a4: $16 <= 00000001
@000036ac: $16 <= 00000001
@000036b4: $18 <= 00000003
@000036b8: $19 <= 00000004
@000036bc: $15 <= 00000010
@000036c0: $16 <= 00000001
@000036c4: $17 <= 00000002
@000036cc: $16 <= 00000001
@000036d4: $18 <= 00000003
@000036d8: $19 <= 00000004
@000036dc: $13 <= 00000008
@000036e4: $16 <= 00000001
@000036ec: $18 <= 00000003
@000036f0: $19 <= 00000004
@000036f4: $14 <= 00000008
@000036f8: $16 <= 00000001
@00003700: $16 <= 00000001
@00003708: $18 <= 00000003
@0000370c: $19 <= 00000004
@00003710: $15 <= 00000008
@00003714: $16 <= 00000001
@00003718: $17 <= 00000002
@00003720: $16 <= 00000001
@00003728: $18 <= 00000003
@0000372c: $19 <= 00000004
@00003730: $ 8 <= 00000004
@00003734: $ 9 <= 00000008
@00003738: $10 <= 0000000c
@0000373c: $11 <= 00000010
@00003740: $12 <= fffffffc
@00003744: $13 <= 00000010
@0000374c: $16 <= 00000001
@00003750: $17 <= 00000002
@00003754: $18 <= 00000003
@00003758: $19 <= 00000004
@0000375c: $14 <= 00000010
@00003760: $16 <= 00000001
@00003768: $16 <= 00000001
@0000376c: $17 <= 00000002
@00003770: $18 <= 00000003
@00003774: $19 <= 00000004
@00003778: $15 <= 00000010
@0000377c: $16 <= 00000001
@00003780: $17 <= 00000002
@00003788: $16 <= 00000001
@0000378c: $17 <= 00000002
@00003790: $18 <= 00000003
@00003794: $19 <= 00000004
@00003798: $13 <= 00000008
@000037a0: $16 <= 00000001
@000037a4: $17 <= 00000002
@000037a8: $18 <= 00000003
@000037ac: $19 <= 00000004
@000037b0: $14 <= 00000008
@000037b4: $16 <= 00000001
@000037bc: $16 <= 00000001
@000037c0: $17 <= 00000002
@000037c4: $18 <= 00000003
@000037c8: $19 <= 00000004
@000037cc: $15 <= 00000008
@000037d0: $16 <= 00000001
@000037d4: $17 <= 00000002
@000037dc: $16 <= 00000001
@000037e0: $17 <= 00000002
@000037e4: $18 <= 00000003
@000037e8: $19 <= 00000004
@000037ec: $ 8 <= 00000004
@000037f0: $ 9 <= 00000008
@000037f4: $10 <= 0000000c
@000037f8: $16 <= 00000001
@000037fc: *00000000 <= 00000004
@00003800: *00000004 <= 00000008
@00003804: *00000008 <= 0000000c
@00003808: $16 <= 00000001
@0000380c: $17 <= 00000002
@00003810: $11 <= 00000008
@00003818: $16 <= 00000001
@00003820: $18 <= 00000002
@00003824: $19 <= 00000003
@00003828: $12 <= 00000008
@0000382c: $18 <= 00000002
@00003834: $16 <= 00000001
@0000383c: $18 <= 00000002
@00003840: $19 <= 00000003
@00003844: $13 <= 00000008
@00003848: $18 <= 00000002
@0000384c: $19 <= 00000003
@00003854: $16 <= 00000001
@0000385c: $18 <= 00000002
@00003860: $19 <= 00000003
@00003864: $14 <= 00000008
@0000386c: $16 <= 00000001
@00003874: $18 <= 00000002
@00003878: $19 <= 00000003
@0000387c: $15 <= 00000008
@00003880: $18 <= 00000002
@00003888: $16 <= 00000001
@00003890: $18 <= 00000002
@00003894: $19 <= 00000003
@00003898: $24 <= 00000008
@0000389c: $18 <= 00000002
@000038a0: $19 <= 00000003
@000038a8: $16 <= 00000001
@000038b0: $18 <= 00000002
@000038b4: $19 <= 00000003
@000038b8: $ 8 <= 00000004
@000038bc: $ 9 <= 00000008
@000038c0: $10 <= 0000000c
@000038c4: $16 <= 00000001
@000038c8: *00000000 <= 00000004
@000038cc: *00000004 <= 00000008
@000038d0: *00000008 <= 0000000c
@000038d4: $16 <= 00000001
@000038d8: $17 <= 00000002
@000038dc: $11 <= 00000008
@000038e4: $16 <= 00000001
@000038e8: $17 <= 00000002
@000038ec: $18 <= 00000002
@000038f0: $19 <= 00000003
@000038f4: $12 <= 00000008
@000038f8: $18 <= 00000002
@00003900: $16 <= 00000001
@00003904: $17 <= 00000002
@00003908: $18 <= 00000002
@0000390c: $19 <= 00000003
@00003910: $13 <= 00000008
@00003914: $18 <= 00000002
@00003918: $19 <= 00000003
@00003920: $16 <= 00000001
@00003924: $17 <= 00000002
@00003928: $18 <= 00000002
@0000392c: $19 <= 00000003
@00003930: $14 <= 00000008
@00003938: $16 <= 00000001
@0000393c: $17 <= 00000002
@00003940: $18 <= 00000002
@00003944: $19 <= 00000003
@00003948: $15 <= 00000008
@0000394c: $18 <= 00000002
@00003954: $16 <= 00000001
@00003958: $17 <= 00000002
@0000395c: $18 <= 00000002
@00003960: $19 <= 00000003
@00003964: $24 <= 00000008
@00003968: $18 <= 00000002
@0000396c: $19 <= 00000003
@00003974: $16 <= 00000001
@00003978: $17 <= 00000002
@0000397c: $18 <= 00000002
@00003980: $19 <= 00000003
@00003984: $ 8 <= 00000004
@00003988: $ 9 <= 000039a0
@0000398c: $10 <= 000039c0
@00003990: $11 <= 000039a4
@00003994: $12 <= 00003a04
@00003998: $31 <= 000039a0
@0000399c: $16 <= 00000001
@000039a8: $16 <= 00000001
@000039b0: $18 <= 00000002
@000039b4: $19 <= 00000003
@000039b8: $31 <= 000039c0
@000039bc: $16 <= 00000001
@000039c4: $18 <= 00000002
@000039cc: $16 <= 00000001
@000039d4: $18 <= 00000002
@000039d8: $19 <= 00000003
@000039dc: $31 <= 000039e4
@000039e0: $16 <= 00000001
@000039ec: $16 <= 00000001
@000039f0: $17 <= 00000002
@000039f4: $18 <= 00000002
@000039f8: $19 <= 00000003
@000039fc: $31 <= 00003a04
@00003a00: $16 <= 00000001
@00003a08: $18 <= 00000002
@00003a10: $16 <= 00000001
@00003a18: $18 <= 00000002
@00003a1c: $19 <= 00000003
@00003a20: $ 8 <= 00000004
@00003a24: $ 9 <= 0000399c
@00003a28: $10 <= 000039bc
@00003a2c: $11 <= 000039e0
@00003a30: $12 <= 00003a00
@00003a34: $31 <= 00003a3c
@00003a38: $16 <= 00000001
@00003a44: $16 <= 00000001
@00003a48: $17 <= 00000002
@00003a4c: $18 <= 00000002
@00003a50: $19 <= 00000003
@00003a54: $31 <= 00003a5c
@00003a58: $16 <= 00000001
@00003a60: $18 <= 00000002
@00003a68: $16 <= 00000001
@00003a6c: $17 <= 00000002
@00003a70: $18 <= 00000002
@00003a74: $19 <= 00000003
@00003a78: $31 <= 00003a80
@00003a7c: $16 <= 00000001
@00003a88: $16 <= 00000001
@00003a8c: $17 <= 00000002
@00003a90: $18 <= 00000002
@00003a94: $19 <= 00000003
@00003a98: $31 <= 00003aa0
@00003a9c: $16 <= 00000001
@00003aa4: $18 <= 00000002
@00003aac: $16 <= 00000001
@00003ab0: $17 <= 00000002
@00003ab4: $18 <= 00000002
@00003ab8: $19 <= 00000003
@00003abc: $ 8 <= 00000004
@00003ac0: $ 9 <= 00003010
@00003ac4: $10 <= 00003030
@00003ac8: $11 <= 00003050
@00003acc: $12 <= 00003070
@00003ad0: $31 <= 00003ad8
@00003ad4: $16 <= 00000001
@00003af0: $16 <= 00000001
@00003ad8: $17 <= 00000002
@00003adc: $18 <= 00000002
@00003ae0: $19 <= 00000003
@00003ae8: $20 <= 00000004
@00003af8: $ 8 <= 00000004
@00003afc: $ 9 <= 00003010
@00003b00: $10 <= 00003030
@00003b04: $11 <= 00003050
@00003b08: $12 <= 00003070
@00003b0c: $31 <= 00003b14
@00003b10: $16 <= 00000001
@00003b28: $19 <= 00000003
@00003b30: $16 <= 00000001
@00003b14: $17 <= 00000002
@00003b18: $18 <= 00000002
@00003b1c: $19 <= 00000003
@00003b24: $20 <= 00000004
@00003b38: $ 8 <= 00000004
@00003b3c: $ 9 <= 00000008
@00003b40: $10 <= 00003b58
@00003b44: $16 <= 00000001
@00003b48: $17 <= 00000002
@00003b4c: $18 <= 00000003
@00003b50: $11 <= 00003b5c
@00003b58: $16 <= 00000001
@00003b5c: $17 <= 00000002
@00003b60: $18 <= 00000003
@00003b64: $ 8 <= 00000004
@00003b68: $ 9 <= 00000008
@00003b6c: $10 <= 00003b88
@00003b70: $16 <= 00000001
@00003b74: $17 <= 00000002
@00003b78: $18 <= 00000003
@00003b7c: $11 <= 00003b8c
@00003b80: $16 <= 00000001
@00003b88: $16 <= 00000001
@00003b8c: $17 <= 00000002
@00003b90: $18 <= 00000003
@00003b94: $ 8 <= 00000004
@00003b98: $ 9 <= 00000008
@00003b9c: $10 <= 00003bbc
@00003ba0: $16 <= 00000001
@00003ba4: $17 <= 00000002
@00003ba8: $18 <= 00000003
@00003bac: $11 <= 00003bc0
@00003bb0: $16 <= 00000001
@00003bb4: $17 <= 00000002
@00003bbc: $16 <= 00000001
@00003bc0: $17 <= 00000002
@00003bc4: $18 <= 00000003
@00003bc8: $ 8 <= 00000004
@00003bcc: $ 9 <= 00000008
@00003bd0: $10 <= 00003bec
@00003bd4: $16 <= 00000001
@00003bd8: $17 <= 00000002
@00003bdc: $18 <= 00000003
@00003be0: $11 <= 00003bec
@00003be8: $16 <= 00000001
@00003bec: $17 <= 00000002
@00003bf0: $18 <= 00000003
@00003bf4: $ 8 <= 00000004
@00003bf8: $ 9 <= 00000008
@00003bfc: $10 <= 00003c1c
@00003c00: $16 <= 00000001
@00003c04: $17 <= 00000002
@00003c08: $18 <= 00000003
@00003c0c: $11 <= 00003c1c
@00003c10: $16 <= 00000001
@00003c18: $16 <= 00000001
@00003c1c: $17 <= 00000002
@00003c20: $18 <= 00000003
@00003c24: $ 8 <= 00000004
@00003c28: $ 9 <= 00000008
@00003c2c: $10 <= 00003c50
@00003c30: $16 <= 00000001
@00003c34: $17 <= 00000002
@00003c38: $18 <= 00000003
@00003c3c: $11 <= 00003c50
@00003c40: $16 <= 00000001
@00003c44: $17 <= 00000002
@00003c4c: $16 <= 00000001
@00003c50: $17 <= 00000002
@00003c54: $18 <= 00000003
@00003c58: $ 8 <= 00003c84
@00003c5c: $ 9 <= 00003008
@00003c60: $16 <= 00000000
@00003c64: $16 <= 00000000
@00003c68: *00000000 <= 00003c84
@00003c6c: *00000004 <= 00003008
@00003c70: $16 <= 00000000
@00003c74: $16 <= 00000000
@00003c78: $10 <= 00003c84
@00003c80: $16 <= 00000000
@00003c84: $16 <= 00000000
@00003c88: $16 <= 00000000
@00003c8c: $ 8 <= 00003cbc
@00003c90: $ 9 <= 00003008
@00003c94: $16 <= 00000000
@00003c98: $16 <= 00000000
@00003c9c: *00000000 <= 00003cbc
@00003ca0: *00000004 <= 00003008
@00003ca4: $16 <= 00000000
@00003ca8: $16 <= 00000000
@00003cac: $10 <= 00003cbc
@00003cb0: $16 <= 00000000
@00003cb8: $16 <= 00000000
@00003cbc: $16 <= 00000000
@00003cc0: $16 <= 00000000
@00003cc4: $ 8 <= 00003cf8
@00003cc8: $ 9 <= 00003008
@00003ccc: $16 <= 00000000
@00003cd0: $16 <= 00000000
@00003cd4: *00000000 <= 00003cf8
@00003cd8: *00000004 <= 00003008
@00003cdc: $16 <= 00000000
@00003ce0: $16 <= 00000000
@00003ce4: $10 <= 00003cf8
@00003ce8: $16 <= 00000000
@00003cec: $16 <= 00000000
@00003cf4: $16 <= 00000000
@00003cf8: $16 <= 00000000
@00003cfc: $16 <= 00000000
